[
  {
    "number": 781,
    "project_path": "nUnittest\\nUnittest.csproj",
    "project_style": "classic",
    "target_frameworks": [],
    "packages": [
      "NUnit=3.12.0",
      "NUnit3TestAdapter=4.0.2"
    ],
    "update_result": "success",
    "update_output": "[Issue781\\nUnittest\\nUnittest.csproj]\nDiscovering projects...\r\nAnalyzing project(s)...\r\nAnalyzing dependencies...\r\nNo outdated dependencies were detected\r\nElapsed: 00:00:01.6169855\r\n",
    "update_error": "",
    "restore_result": "success",
    "restore_output": "  Determining projects to restore...\r\n  Nothing to do. None of the projects specified contain packages to restore.\r\n",
    "restore_error": "",
    "build_result": "fail",
    "build_output": "  Determining projects to restore...\r\n  Nothing to do. None of the projects specified contain packages to restore.\r\nC:\\Program Files\\dotnet\\sdk\\10.0.102\\Microsoft.Common.CurrentVersion.targets(1259,5): error MSB3644: The reference assemblies for .NETFramework,Version=v4.6.1 were not found. To resolve this, install the Developer Pack (SDK/Targeting Pack) for this framework version or retarget your application. You can download .NET Framework Developer Packs at https://aka.ms/msbuild/developerpacks [C:\\repos\\nunit\\nunit3-vs-adapter.issues\\Issue781\\nUnittest\\nUnittest.csproj]\r\n\r\nBuild FAILED.\r\n\r\nC:\\Program Files\\dotnet\\sdk\\10.0.102\\Microsoft.Common.CurrentVersion.targets(1259,5): error MSB3644: The reference assemblies for .NETFramework,Version=v4.6.1 were not found. To resolve this, install the Developer Pack (SDK/Targeting Pack) for this framework version or retarget your application. You can download .NET Framework Developer Packs at https://aka.ms/msbuild/developerpacks [C:\\repos\\nunit\\nunit3-vs-adapter.issues\\Issue781\\nUnittest\\nUnittest.csproj]\r\n    0 Warning(s)\r\n    1 Error(s)\r\n\r\nTime Elapsed 00:00:00.92\r\n",
    "build_error": "",
    "test_result": "not run",
    "test_output": "=== Issue781\\nUnittest\\nUnittest.csproj ===\n=== Restore ===\n  Determining projects to restore...\r\n  Nothing to do. None of the projects specified contain packages to restore.\r\n\n=== Build ===\n  Determining projects to restore...\r\n  Nothing to do. None of the projects specified contain packages to restore.\r\nC:\\Program Files\\dotnet\\sdk\\10.0.102\\Microsoft.Common.CurrentVersion.targets(1259,5): error MSB3644: The reference assemblies for .NETFramework,Version=v4.6.1 were not found. To resolve this, install the Developer Pack (SDK/Targeting Pack) for this framework version or retarget your application. You can download .NET Framework Developer Packs at https://aka.ms/msbuild/developerpacks [C:\\repos\\nunit\\nunit3-vs-adapter.issues\\Issue781\\nUnittest\\nUnittest.csproj]\r\n\r\nBuild FAILED.\r\n\r\nC:\\Program Files\\dotnet\\sdk\\10.0.102\\Microsoft.Common.CurrentVersion.targets(1259,5): error MSB3644: The reference assemblies for .NETFramework,Version=v4.6.1 were not found. To resolve this, install the Developer Pack (SDK/Targeting Pack) for this framework version or retarget your application. You can download .NET Framework Developer Packs at https://aka.ms/msbuild/developerpacks [C:\\repos\\nunit\\nunit3-vs-adapter.issues\\Issue781\\nUnittest\\nUnittest.csproj]\r\n    0 Warning(s)\r\n    1 Error(s)\r\n\r\nTime Elapsed 00:00:00.92\r\n",
    "test_error": "",
    "test_conclusion": "Failure: Build failed",
    "runner_scripts": null,
    "runsettings": "C:/repos/nunit/nunit3-vs-adapter.issues\\Issue781\\.runsettings",
    "feed": "Stable",
    "runner_expectations": null,
    "last_run": "2026-01-19T21:37:55Z"
  }
]