[
  {
    "number": 811,
    "project_path": "Issue811.csproj",
    "project_style": "SDK-style",
    "target_frameworks": [
      "net4.5"
    ],
    "packages": [
      "NUnit=3.14.0",
      "NUnit3TestAdapter=3.17.0",
      "Microsoft.NET.Test.Sdk=17.3.3"
    ],
    "update_result": "fail",
    "update_output": "[Issue811\\Issue811.csproj]\nDiscovering projects...\r\nAnalyzing project(s)...\r\n",
    "update_error": "[Issue811\\Issue811.csproj]\nUnable to process the project \u0060C:\\repos\\nunit\\nunit3-vs-adapter.issues\\Issue811\\Issue811.sln. Are you sure this is a valid .NET Core or .NET Standard project type?\r\n\r\nHere is the full error message returned from the Microsoft Build Engine:\r\n\r\nMSBuild version 18.0.7\u002B445250245 for .NET\r\n  Determining projects to restore...\r\nC:\\repos\\nunit\\nunit3-vs-adapter.issues\\Issue811\\Issue811.csproj : error NU1202: Package Microsoft.NET.Test.Sdk 18.0.1 is not compatible with net45 (.NETFramework,Version=v4.5). Package Microsoft.NET.Test.Sdk 18.0.1 supports: [C:\\repos\\nunit\\nunit3-vs-adapter.issues\\Issue811\\Issue811.sln]\r\nC:\\repos\\nunit\\nunit3-vs-adapter.issues\\Issue811\\Issue811.csproj : error NU1202:   - native (native,Version=v0.0) [C:\\repos\\nunit\\nunit3-vs-adapter.issues\\Issue811\\Issue811.sln]\r\nC:\\repos\\nunit\\nunit3-vs-adapter.issues\\Issue811\\Issue811.csproj : error NU1202:   - net462 (.NETFramework,Version=v4.6.2) [C:\\repos\\nunit\\nunit3-vs-adapter.issues\\Issue811\\Issue811.sln]\r\nC:\\repos\\nunit\\nunit3-vs-adapter.issues\\Issue811\\Issue811.csproj : error NU1202:   - net8.0 (.NETCoreApp,Version=v8.0) [C:\\repos\\nunit\\nunit3-vs-adapter.issues\\Issue811\\Issue811.sln]\r\n  Failed to restore C:\\repos\\nunit\\nunit3-vs-adapter.issues\\Issue811\\Issue811.csproj (in 682 ms).\r\n -  - exit code: 1\r\n",
    "restore_result": "fail",
    "restore_output": "  Determining projects to restore...\r\nC:\\repos\\nunit\\nunit3-vs-adapter.issues\\Issue811\\Issue811.csproj : error NU1202: Package Microsoft.NET.Test.Sdk 18.0.1 is not compatible with net45 (.NETFramework,Version=v4.5). Package Microsoft.NET.Test.Sdk 18.0.1 supports: [C:\\repos\\nunit\\nunit3-vs-adapter.issues\\Issue811\\Issue811.sln]\r\nC:\\repos\\nunit\\nunit3-vs-adapter.issues\\Issue811\\Issue811.csproj : error NU1202:   - native (native,Version=v0.0) [C:\\repos\\nunit\\nunit3-vs-adapter.issues\\Issue811\\Issue811.sln]\r\nC:\\repos\\nunit\\nunit3-vs-adapter.issues\\Issue811\\Issue811.csproj : error NU1202:   - net462 (.NETFramework,Version=v4.6.2) [C:\\repos\\nunit\\nunit3-vs-adapter.issues\\Issue811\\Issue811.sln]\r\nC:\\repos\\nunit\\nunit3-vs-adapter.issues\\Issue811\\Issue811.csproj : error NU1202:   - net8.0 (.NETCoreApp,Version=v8.0) [C:\\repos\\nunit\\nunit3-vs-adapter.issues\\Issue811\\Issue811.sln]\r\n  Failed to restore C:\\repos\\nunit\\nunit3-vs-adapter.issues\\Issue811\\Issue811.csproj (in 450 ms).\r\n",
    "restore_error": "",
    "build_result": "not run",
    "build_output": "",
    "build_error": "",
    "test_result": "not run",
    "test_output": "=== Issue811\\Issue811.csproj ===\n=== Restore ===\n  Determining projects to restore...\r\nC:\\repos\\nunit\\nunit3-vs-adapter.issues\\Issue811\\Issue811.csproj : error NU1202: Package Microsoft.NET.Test.Sdk 18.0.1 is not compatible with net45 (.NETFramework,Version=v4.5). Package Microsoft.NET.Test.Sdk 18.0.1 supports: [C:\\repos\\nunit\\nunit3-vs-adapter.issues\\Issue811\\Issue811.sln]\r\nC:\\repos\\nunit\\nunit3-vs-adapter.issues\\Issue811\\Issue811.csproj : error NU1202:   - native (native,Version=v0.0) [C:\\repos\\nunit\\nunit3-vs-adapter.issues\\Issue811\\Issue811.sln]\r\nC:\\repos\\nunit\\nunit3-vs-adapter.issues\\Issue811\\Issue811.csproj : error NU1202:   - net462 (.NETFramework,Version=v4.6.2) [C:\\repos\\nunit\\nunit3-vs-adapter.issues\\Issue811\\Issue811.sln]\r\nC:\\repos\\nunit\\nunit3-vs-adapter.issues\\Issue811\\Issue811.csproj : error NU1202:   - net8.0 (.NETCoreApp,Version=v8.0) [C:\\repos\\nunit\\nunit3-vs-adapter.issues\\Issue811\\Issue811.sln]\r\n  Failed to restore C:\\repos\\nunit\\nunit3-vs-adapter.issues\\Issue811\\Issue811.csproj (in 450 ms).\r\n",
    "test_error": "",
    "test_conclusion": "Failure: Restore failed",
    "runner_scripts": null,
    "runsettings": "C:/repos/nunit/nunit3-vs-adapter.issues\\Issue811\\.runsettings",
    "feed": "Stable",
    "runner_expectations": null,
    "last_run": "2026-01-19T21:39:48Z"
  }
]