[
  {
    "number": 1144,
    "project_path": "TestFW\\TestFW.csproj",
    "project_style": "SDK-style",
    "target_frameworks": [
      "net48"
    ],
    "packages": [
      "Microsoft.NET.Test.Sdk=17.3.0",
      "NUnit=3.13.3",
      "NUnit3TestAdapter=4.3.2",
      "NUnit.Analyzers=3.6.1",
      "coverlet.collector=6.0.0"
    ],
    "update_result": "Success",
    "update_output": "[Issue1144\\TestFW\\TestFW.csproj]\nRestored to initial state\n\n[Issue1144\\TestNC31\\TestNC31.csproj]\nRestored to initial state\n\n[Issue1144\\ClassLibFW45\\ClassLibFW45.csproj]\nRestored to initial state\n\n[Issue1144\\ClassLibNetC21\\ClassLibNetC21.csproj]\nRestored to initial state",
    "update_error": "",
    "restore_result": "Success",
    "restore_output": "  Determining projects to restore...\r\n  All projects are up-to-date for restore.\r\n",
    "restore_error": "",
    "build_result": "Success",
    "build_output": "  ClassLibNetC21 -\u003E C:\\repos\\nunit\\nunit3-vs-adapter.issues\\Issue1144\\ClassLibNetC21\\bin\\Debug\\net10.0\\ClassLibNetC21.dll\r\n\r\nBuild succeeded.\r\n    0 Warning(s)\r\n    0 Error(s)\r\n\r\nTime Elapsed 00:00:01.10\r\n",
    "build_error": "",
    "test_result": "Success",
    "test_output": "=== Issue1144\\TestFW\\TestFW.csproj ===\n=== Restore ===\n  Determining projects to restore...\r\n  Restored C:\\repos\\nunit\\nunit3-vs-adapter.issues\\Issue1144\\ClassLibFW45\\ClassLibFW45.csproj (in 160 ms).\r\n  Restored C:\\repos\\nunit\\nunit3-vs-adapter.issues\\Issue1144\\TestFW\\TestFW.csproj (in 300 ms).\r\n\n=== Build ===\nMSBuild version 17.3.4\u002Ba400405ba for .NET\r\n  ClassLibFW45 -\u003E C:\\repos\\nunit\\nunit3-vs-adapter.issues\\Issue1144\\ClassLibFW45\\bin\\Debug\\net462\\ClassLibFW45.dll\r\n  TestFW -\u003E C:\\repos\\nunit\\nunit3-vs-adapter.issues\\Issue1144\\TestFW\\bin\\Debug\\net48\\TestFW.dll\r\n\r\nBuild succeeded.\r\n    0 Warning(s)\r\n    0 Error(s)\r\n\r\nTime Elapsed 00:00:03.47\r\n\n=== Test ===\nTest run for C:\\repos\\nunit\\nunit3-vs-adapter.issues\\Issue1144\\TestFW\\bin\\Debug\\net48\\TestFW.dll (.NETFramework,Version=v4.8)\r\nMicrosoft (R) Test Execution Command Line Tool Version 17.3.3 (x64)\r\nCopyright (c) Microsoft Corporation.  All rights reserved.\r\n\r\nStarting test execution, please wait...\r\nA total of 1 test files matched the specified pattern.\r\n\r\nPassed!  - Failed:     0, Passed:     1, Skipped:     0, Total:     1, Duration: 94 ms - TestFW.dll (net48)\r\n\n\n=== Issue1144\\TestNC31\\TestNC31.csproj ===\n=== Restore ===\n  Determining projects to restore...\r\nC:\\repos\\nunit\\nunit3-vs-adapter.issues\\Issue1144\\TestNC31\\TestNC31.csproj : warning NU1903: Package \u0027Newtonsoft.Json\u0027 9.0.1 has a known high severity vulnerability, https://github.com/advisories/GHSA-5crp-9r3c-p9vr\r\n  Restored C:\\repos\\nunit\\nunit3-vs-adapter.issues\\Issue1144\\TestNC31\\TestNC31.csproj (in 526 ms).\r\n  1 of 2 projects are up-to-date for restore.\r\n\n=== Build ===\nC:\\repos\\nunit\\nunit3-vs-adapter.issues\\Issue1144\\TestNC31\\TestNC31.csproj : warning NU1903: Package \u0027Newtonsoft.Json\u0027 9.0.1 has a known high severity vulnerability, https://github.com/advisories/GHSA-5crp-9r3c-p9vr\r\n  ClassLibNetC21 -\u003E C:\\repos\\nunit\\nunit3-vs-adapter.issues\\Issue1144\\ClassLibNetC21\\bin\\Debug\\net10.0\\ClassLibNetC21.dll\r\n  TestNC31 -\u003E C:\\repos\\nunit\\nunit3-vs-adapter.issues\\Issue1144\\TestNC31\\bin\\Debug\\net10.0\\TestNC31.dll\r\n\r\nBuild succeeded.\r\n\r\nC:\\repos\\nunit\\nunit3-vs-adapter.issues\\Issue1144\\TestNC31\\TestNC31.csproj : warning NU1903: Package \u0027Newtonsoft.Json\u0027 9.0.1 has a known high severity vulnerability, https://github.com/advisories/GHSA-5crp-9r3c-p9vr\r\n    1 Warning(s)\r\n    0 Error(s)\r\n\r\nTime Elapsed 00:00:02.65\r\n\n=== Test ===\nTest run for C:\\repos\\nunit\\nunit3-vs-adapter.issues\\Issue1144\\TestNC31\\bin\\Debug\\net10.0\\TestNC31.dll (.NETCoreApp,Version=v10.0)\r\nVSTest version 18.0.1 (x64)\r\n\r\nStarting test execution, please wait...\r\nA total of 1 test files matched the specified pattern.\r\nException NUnit.Engine.NUnitEngineException,    Exception thrown executing tests in C:\\repos\\nunit\\nunit3-vs-adapter.issues\\Issue1144\\TestNC31\\bin\\Debug\\net10.0\\TestNC31.dll\r\nFailed to load the test assembly C:\\repos\\nunit\\nunit3-vs-adapter.issues\\Issue1144\\TestNC31\\bin\\Debug\\net10.0\\TestNC31.dll\r\n   at NUnit.Engine.Drivers.NUnitNetCore31Driver.Load(String assemblyPath, IDictionary\u00602 settings)\r\n   at NUnit.Engine.Runners.DirectTestRunner.LoadDriver(IFrameworkDriver driver, String testFile, TestPackage subPackage)\r\n   at NUnit.Engine.Runners.DirectTestRunner.LoadPackage()\r\n   at NUnit.Engine.Runners.DirectTestRunner.EnsurePackageIsLoaded()\r\n   at NUnit.Engine.Runners.DirectTestRunner.Explore(TestFilter filter)\r\n   at NUnit.Engine.Runners.MasterTestRunner.Explore(TestFilter filter)\r\n   at NUnit.VisualStudio.TestAdapter.NUnitEngine.NUnitEngineAdapter.Explore(TestFilter filter) in C:\\repos\\nunit\\nunit3-vs-adapter\\src\\NUnitTestAdapter\\NUnitEngine\\NUnitEngineAdapter.cs:line 95\r\n   at NUnit.VisualStudio.TestAdapter.NUnit3TestExecutor.RunAssembly(String assemblyPath, IGrouping\u00602 testCases, TestFilter filter, String assemblyName) in C:\\repos\\nunit\\nunit3-vs-adapter\\src\\NUnitTestAdapter\\NUnit3TestExecutor.cs:line 315\r\nInnerException: System.IO.FileNotFoundException: Could not load file or assembly \u0027Microsoft.Extensions.DependencyModel, Version=8.0.0.2, Culture=neutral, PublicKeyToken=adb9793829ddae60\u0027. The system cannot find the file specified.\r\nFile name: \u0027Microsoft.Extensions.DependencyModel, Version=8.0.0.2, Culture=neutral, PublicKeyToken=adb9793829ddae60\u0027\r\n   at NUnit.Engine.Internal.RuntimeLibrariesStrategy..ctor(AssemblyLoadContext loadContext, String testAssemblyPath)\r\n   at NUnit.Engine.Internal.RuntimeLibrariesStrategy..ctor(AssemblyLoadContext loadContext, String testAssemblyPath)\r\n   at NUnit.Engine.Internal.TestAssemblyResolver.InitializeResolutionStrategies(AssemblyLoadContext loadContext, String testAssemblyPath)\r\n   at NUnit.Engine.Internal.TestAssemblyResolver..ctor(AssemblyLoadContext loadContext, String testAssemblyPath)\r\n   at NUnit.Engine.Drivers.NUnitNetCore31Driver.Load(String assemblyPath, IDictionary\u00602 settings)\r\n  Failed C:\\repos\\nunit\\nunit3-vs-adapter.issues\\Issue1144\\TestNC31\\bin\\Debug\\net10.0\\TestNC31.dll\r\n  Error Message:\r\n   NUnit.Engine.NUnitEngineException: Failed to load the test assembly C:\\repos\\nunit\\nunit3-vs-adapter.issues\\Issue1144\\TestNC31\\bin\\Debug\\net10.0\\TestNC31.dll\r\n ---\u003E System.IO.FileNotFoundException: Could not load file or assembly \u0027Microsoft.Extensions.DependencyModel, Version=8.0.0.2, Culture=neutral, PublicKeyToken=adb9793829ddae60\u0027. The system cannot find the file specified.\r\nFile name: \u0027Microsoft.Extensions.DependencyModel, Version=8.0.0.2, Culture=neutral, PublicKeyToken=adb9793829ddae60\u0027\r\n   at NUnit.Engine.Internal.RuntimeLibrariesStrategy..ctor(AssemblyLoadContext loadContext, String testAssemblyPath)\r\n   at NUnit.Engine.Internal.RuntimeLibrariesStrategy..ctor(AssemblyLoadContext loadContext, String testAssemblyPath)\r\n   at NUnit.Engine.Internal.TestAssemblyResolver.InitializeResolutionStrategies(AssemblyLoadContext loadContext, String testAssemblyPath)\r\n   at NUnit.Engine.Internal.TestAssemblyResolver..ctor(AssemblyLoadContext loadContext, String testAssemblyPath)\r\n   at NUnit.Engine.Drivers.NUnitNetCore31Driver.Load(String assemblyPath, IDictionary\u00602 settings)\r\n   --- End of inner exception stack trace ---\r\n   at NUnit.Engine.Drivers.NUnitNetCore31Driver.Load(String assemblyPath, IDictionary\u00602 settings)\r\n   at NUnit.Engine.Runners.DirectTestRunner.LoadDriver(IFrameworkDriver driver, String testFile, TestPackage subPackage)\r\n   at NUnit.Engine.Runners.DirectTestRunner.LoadPackage()\r\n   at NUnit.Engine.Runners.DirectTestRunner.EnsurePackageIsLoaded()\r\n   at NUnit.Engine.Runners.DirectTestRunner.Explore(TestFilter filter)\r\n   at NUnit.Engine.Runners.MasterTestRunner.Explore(TestFilter filter)\r\n   at NUnit.VisualStudio.TestAdapter.NUnitEngine.NUnitEngineAdapter.Explore(TestFilter filter) in C:\\repos\\nunit\\nunit3-vs-adapter\\src\\NUnitTestAdapter\\NUnitEngine\\NUnitEngineAdapter.cs:line 95\r\n   at NUnit.VisualStudio.TestAdapter.NUnit3TestExecutor.RunAssembly(String assemblyPath, IGrouping\u00602 testCases, TestFilter filter, String assemblyName) in C:\\repos\\nunit\\nunit3-vs-adapter\\src\\NUnitTestAdapter\\NUnit3TestExecutor.cs:line 315\r\n  Stack Trace:\r\n     at NUnit.Engine.Drivers.NUnitNetCore31Driver.Load(String assemblyPath, IDictionary\u00602 settings)\r\n   at NUnit.Engine.Runners.DirectTestRunner.LoadDriver(IFrameworkDriver driver, String testFile, TestPackage subPackage)\r\n   at NUnit.Engine.Runners.DirectTestRunner.LoadPackage()\r\n   at NUnit.Engine.Runners.DirectTestRunner.EnsurePackageIsLoaded()\r\n   at NUnit.Engine.Runners.DirectTestRunner.Explore(TestFilter filter)\r\n   at NUnit.Engine.Runners.MasterTestRunner.Explore(TestFilter filter)\r\n   at NUnit.VisualStudio.TestAdapter.NUnitEngine.NUnitEngineAdapter.Explore(TestFilter filter) in C:\\repos\\nunit\\nunit3-vs-adapter\\src\\NUnitTestAdapter\\NUnitEngine\\NUnitEngineAdapter.cs:line 95\r\n   at NUnit.VisualStudio.TestAdapter.NUnit3TestExecutor.RunAssembly(String assemblyPath, IGrouping\u00602 testCases, TestFilter filter, String assemblyName) in C:\\repos\\nunit\\nunit3-vs-adapter\\src\\NUnitTestAdapter\\NUnit3TestExecutor.cs:line 315\r\n\r\nFailed!  - Failed:     1, Passed:     0, Skipped:     0, Total:     1, Duration: \u003C 1 ms - TestNC31.dll (net10.0)\r\n\n\n=== Issue1144\\ClassLibFW45\\ClassLibFW45.csproj ===\n=== Restore ===\n  Determining projects to restore...\r\n  Restored C:\\repos\\nunit\\nunit3-vs-adapter.issues\\Issue1144\\ClassLibFW45\\ClassLibFW45.csproj (in 158 ms).\r\n\n=== Build ===\n  ClassLibFW45 -\u003E C:\\repos\\nunit\\nunit3-vs-adapter.issues\\Issue1144\\ClassLibFW45\\bin\\Debug\\net462\\ClassLibFW45.dll\r\n\r\nBuild succeeded.\r\n    0 Warning(s)\r\n    0 Error(s)\r\n\r\nTime Elapsed 00:00:01.13\r\n\n=== Test ===\n\n\n=== Issue1144\\ClassLibNetC21\\ClassLibNetC21.csproj ===\n=== Restore ===\n  Determining projects to restore...\r\n  All projects are up-to-date for restore.\r\n\n=== Build ===\n  ClassLibNetC21 -\u003E C:\\repos\\nunit\\nunit3-vs-adapter.issues\\Issue1144\\ClassLibNetC21\\bin\\Debug\\net10.0\\ClassLibNetC21.dll\r\n\r\nBuild succeeded.\r\n    0 Warning(s)\r\n    0 Error(s)\r\n\r\nTime Elapsed 00:00:01.10\r\n\n=== Test ===\n",
    "test_error": "",
    "test_conclusion": "Failure: Test assertions failed (1 passed, 1 failed)",
    "runner_scripts": null,
    "runsettings": null,
    "feed": "Initial",
    "runner_expectations": null,
    "last_run": "2026-01-29T16:38:39Z",
    "run_result": "Run",
    "reason": ""
  }
]