[
  {
    "number": 1044,
    "project_path": "Issue1044.csproj",
    "project_style": "SDK-style",
    "target_frameworks": [
      "net10.0"
    ],
    "packages": [
      "Microsoft.NET.Test.Sdk=18.0.1",
      "NUnit=4.4.0",
      "NUnit3TestAdapter=6.0.0",
      "NUnit.Analyzers=4.11.2",
      "coverlet.collector=6.0.4"
    ],
    "update_result": "success",
    "update_output": "[Issue1044\\Issue1044.csproj]\nDiscovering projects...\r\nAnalyzing project(s)...\r\nAnalyzing dependencies...\r\nNo outdated dependencies were detected\r\nElapsed: 00:00:03.2087983\r\n",
    "update_error": "",
    "restore_result": "success",
    "restore_output": "  Determining projects to restore...\r\n  Restored C:\\repos\\nunit\\nunit3-vs-adapter.issues\\Issue1044\\Issue1044.csproj (in 347 ms).\r\n",
    "restore_error": "",
    "build_result": "fail",
    "build_output": "  Determining projects to restore...\r\n  All projects are up-to-date for restore.\r\nC:\\repos\\nunit\\nunit3-vs-adapter.issues\\Issue1044\\UnitTest1.cs(17,21): error NUnit1029: The TestCaseSource provides \u0027\u003E0\u0027 parameter(s), but the Test method expects \u00270\u0027 parameter(s) (https://github.com/nunit/nunit.analyzers/tree/master/documentation/NUnit1029.md) [C:\\repos\\nunit\\nunit3-vs-adapter.issues\\Issue1044\\Issue1044.csproj]\r\nC:\\repos\\nunit\\nunit3-vs-adapter.issues\\Issue1044\\UnitTest1.cs(24,21): error NUnit1029: The TestCaseSource provides \u0027\u003E0\u0027 parameter(s), but the Test method expects \u00270\u0027 parameter(s) (https://github.com/nunit/nunit.analyzers/tree/master/documentation/NUnit1029.md) [C:\\repos\\nunit\\nunit3-vs-adapter.issues\\Issue1044\\Issue1044.csproj]\r\nC:\\repos\\nunit\\nunit3-vs-adapter.issues\\Issue1044\\UnitTest1.cs(20,9): warning NUnit1033: The Write methods are wrappers on TestContext.Out (https://github.com/nunit/nunit.analyzers/tree/master/documentation/NUnit1033.md) [C:\\repos\\nunit\\nunit3-vs-adapter.issues\\Issue1044\\Issue1044.csproj]\r\nC:\\repos\\nunit\\nunit3-vs-adapter.issues\\Issue1044\\UnitTest1.cs(28,9): warning NUnit1033: The Write methods are wrappers on TestContext.Out (https://github.com/nunit/nunit.analyzers/tree/master/documentation/NUnit1033.md) [C:\\repos\\nunit\\nunit3-vs-adapter.issues\\Issue1044\\Issue1044.csproj]\r\nC:\\repos\\nunit\\nunit3-vs-adapter.issues\\Issue1044\\UnitTest1.cs(12,9): warning NUnit1033: The Write methods are wrappers on TestContext.Out (https://github.com/nunit/nunit.analyzers/tree/master/documentation/NUnit1033.md) [C:\\repos\\nunit\\nunit3-vs-adapter.issues\\Issue1044\\Issue1044.csproj]\r\n\r\nBuild FAILED.\r\n\r\nC:\\repos\\nunit\\nunit3-vs-adapter.issues\\Issue1044\\UnitTest1.cs(20,9): warning NUnit1033: The Write methods are wrappers on TestContext.Out (https://github.com/nunit/nunit.analyzers/tree/master/documentation/NUnit1033.md) [C:\\repos\\nunit\\nunit3-vs-adapter.issues\\Issue1044\\Issue1044.csproj]\r\nC:\\repos\\nunit\\nunit3-vs-adapter.issues\\Issue1044\\UnitTest1.cs(28,9): warning NUnit1033: The Write methods are wrappers on TestContext.Out (https://github.com/nunit/nunit.analyzers/tree/master/documentation/NUnit1033.md) [C:\\repos\\nunit\\nunit3-vs-adapter.issues\\Issue1044\\Issue1044.csproj]\r\nC:\\repos\\nunit\\nunit3-vs-adapter.issues\\Issue1044\\UnitTest1.cs(12,9): warning NUnit1033: The Write methods are wrappers on TestContext.Out (https://github.com/nunit/nunit.analyzers/tree/master/documentation/NUnit1033.md) [C:\\repos\\nunit\\nunit3-vs-adapter.issues\\Issue1044\\Issue1044.csproj]\r\nC:\\repos\\nunit\\nunit3-vs-adapter.issues\\Issue1044\\UnitTest1.cs(17,21): error NUnit1029: The TestCaseSource provides \u0027\u003E0\u0027 parameter(s), but the Test method expects \u00270\u0027 parameter(s) (https://github.com/nunit/nunit.analyzers/tree/master/documentation/NUnit1029.md) [C:\\repos\\nunit\\nunit3-vs-adapter.issues\\Issue1044\\Issue1044.csproj]\r\nC:\\repos\\nunit\\nunit3-vs-adapter.issues\\Issue1044\\UnitTest1.cs(24,21): error NUnit1029: The TestCaseSource provides \u0027\u003E0\u0027 parameter(s), but the Test method expects \u00270\u0027 parameter(s) (https://github.com/nunit/nunit.analyzers/tree/master/documentation/NUnit1029.md) [C:\\repos\\nunit\\nunit3-vs-adapter.issues\\Issue1044\\Issue1044.csproj]\r\n    3 Warning(s)\r\n    2 Error(s)\r\n\r\nTime Elapsed 00:00:02.07\r\n",
    "build_error": "",
    "test_result": "not run",
    "test_output": "=== Issue1044\\Issue1044.csproj ===\n=== Restore ===\n  Determining projects to restore...\r\n  Restored C:\\repos\\nunit\\nunit3-vs-adapter.issues\\Issue1044\\Issue1044.csproj (in 347 ms).\r\n\n=== Build ===\n  Determining projects to restore...\r\n  All projects are up-to-date for restore.\r\nC:\\repos\\nunit\\nunit3-vs-adapter.issues\\Issue1044\\UnitTest1.cs(17,21): error NUnit1029: The TestCaseSource provides \u0027\u003E0\u0027 parameter(s), but the Test method expects \u00270\u0027 parameter(s) (https://github.com/nunit/nunit.analyzers/tree/master/documentation/NUnit1029.md) [C:\\repos\\nunit\\nunit3-vs-adapter.issues\\Issue1044\\Issue1044.csproj]\r\nC:\\repos\\nunit\\nunit3-vs-adapter.issues\\Issue1044\\UnitTest1.cs(24,21): error NUnit1029: The TestCaseSource provides \u0027\u003E0\u0027 parameter(s), but the Test method expects \u00270\u0027 parameter(s) (https://github.com/nunit/nunit.analyzers/tree/master/documentation/NUnit1029.md) [C:\\repos\\nunit\\nunit3-vs-adapter.issues\\Issue1044\\Issue1044.csproj]\r\nC:\\repos\\nunit\\nunit3-vs-adapter.issues\\Issue1044\\UnitTest1.cs(20,9): warning NUnit1033: The Write methods are wrappers on TestContext.Out (https://github.com/nunit/nunit.analyzers/tree/master/documentation/NUnit1033.md) [C:\\repos\\nunit\\nunit3-vs-adapter.issues\\Issue1044\\Issue1044.csproj]\r\nC:\\repos\\nunit\\nunit3-vs-adapter.issues\\Issue1044\\UnitTest1.cs(28,9): warning NUnit1033: The Write methods are wrappers on TestContext.Out (https://github.com/nunit/nunit.analyzers/tree/master/documentation/NUnit1033.md) [C:\\repos\\nunit\\nunit3-vs-adapter.issues\\Issue1044\\Issue1044.csproj]\r\nC:\\repos\\nunit\\nunit3-vs-adapter.issues\\Issue1044\\UnitTest1.cs(12,9): warning NUnit1033: The Write methods are wrappers on TestContext.Out (https://github.com/nunit/nunit.analyzers/tree/master/documentation/NUnit1033.md) [C:\\repos\\nunit\\nunit3-vs-adapter.issues\\Issue1044\\Issue1044.csproj]\r\n\r\nBuild FAILED.\r\n\r\nC:\\repos\\nunit\\nunit3-vs-adapter.issues\\Issue1044\\UnitTest1.cs(20,9): warning NUnit1033: The Write methods are wrappers on TestContext.Out (https://github.com/nunit/nunit.analyzers/tree/master/documentation/NUnit1033.md) [C:\\repos\\nunit\\nunit3-vs-adapter.issues\\Issue1044\\Issue1044.csproj]\r\nC:\\repos\\nunit\\nunit3-vs-adapter.issues\\Issue1044\\UnitTest1.cs(28,9): warning NUnit1033: The Write methods are wrappers on TestContext.Out (https://github.com/nunit/nunit.analyzers/tree/master/documentation/NUnit1033.md) [C:\\repos\\nunit\\nunit3-vs-adapter.issues\\Issue1044\\Issue1044.csproj]\r\nC:\\repos\\nunit\\nunit3-vs-adapter.issues\\Issue1044\\UnitTest1.cs(12,9): warning NUnit1033: The Write methods are wrappers on TestContext.Out (https://github.com/nunit/nunit.analyzers/tree/master/documentation/NUnit1033.md) [C:\\repos\\nunit\\nunit3-vs-adapter.issues\\Issue1044\\Issue1044.csproj]\r\nC:\\repos\\nunit\\nunit3-vs-adapter.issues\\Issue1044\\UnitTest1.cs(17,21): error NUnit1029: The TestCaseSource provides \u0027\u003E0\u0027 parameter(s), but the Test method expects \u00270\u0027 parameter(s) (https://github.com/nunit/nunit.analyzers/tree/master/documentation/NUnit1029.md) [C:\\repos\\nunit\\nunit3-vs-adapter.issues\\Issue1044\\Issue1044.csproj]\r\nC:\\repos\\nunit\\nunit3-vs-adapter.issues\\Issue1044\\UnitTest1.cs(24,21): error NUnit1029: The TestCaseSource provides \u0027\u003E0\u0027 parameter(s), but the Test method expects \u00270\u0027 parameter(s) (https://github.com/nunit/nunit.analyzers/tree/master/documentation/NUnit1029.md) [C:\\repos\\nunit\\nunit3-vs-adapter.issues\\Issue1044\\Issue1044.csproj]\r\n    3 Warning(s)\r\n    2 Error(s)\r\n\r\nTime Elapsed 00:00:02.07\r\n",
    "test_error": "",
    "test_conclusion": "Failure: Build failed",
    "runner_scripts": null,
    "runsettings": "C:/repos/nunit/nunit3-vs-adapter.issues\\Issue1044\\.runsettings",
    "feed": "Stable",
    "runner_expectations": null,
    "last_run": "2026-01-19T21:06:12Z"
  }
]