Project: Issue1041\Issue1041.csproj
Issue: Issue1041
================================================================================

STDOUT:
--------------------------------------------------------------------------------
C:\repos\nunit\nunit3-vs-adapter.issues\Issue1041\UnitTest1.cs(5,21): error NUnit1029: The TestCaseSource provides '>0' parameter(s), but the Test method expects '0' parameter(s) (https://github.com/nunit/nunit.analyzers/tree/master/documentation/NUnit1029.md) [C:\repos\nunit\nunit3-vs-adapter.issues\Issue1041\Issue1041.csproj]
C:\repos\nunit\nunit3-vs-adapter.issues\Issue1041\UnitTest1.cs(11,21): error NUnit1029: The TestCaseSource provides '>0' parameter(s), but the Test method expects '0' parameter(s) (https://github.com/nunit/nunit.analyzers/tree/master/documentation/NUnit1029.md) [C:\repos\nunit\nunit3-vs-adapter.issues\Issue1041\Issue1041.csproj]
C:\repos\nunit\nunit3-vs-adapter.issues\Issue1041\UnitTest1.cs(8,9): warning NUnit1033: The Write methods are wrappers on TestContext.Out (https://github.com/nunit/nunit.analyzers/tree/master/documentation/NUnit1033.md) [C:\repos\nunit\nunit3-vs-adapter.issues\Issue1041\Issue1041.csproj]
C:\repos\nunit\nunit3-vs-adapter.issues\Issue1041\UnitTest1.cs(15,9): warning NUnit1033: The Write methods are wrappers on TestContext.Out (https://github.com/nunit/nunit.analyzers/tree/master/documentation/NUnit1033.md) [C:\repos\nunit\nunit3-vs-adapter.issues\Issue1041\Issue1041.csproj]

Build FAILED.

C:\repos\nunit\nunit3-vs-adapter.issues\Issue1041\UnitTest1.cs(8,9): warning NUnit1033: The Write methods are wrappers on TestContext.Out (https://github.com/nunit/nunit.analyzers/tree/master/documentation/NUnit1033.md) [C:\repos\nunit\nunit3-vs-adapter.issues\Issue1041\Issue1041.csproj]
C:\repos\nunit\nunit3-vs-adapter.issues\Issue1041\UnitTest1.cs(15,9): warning NUnit1033: The Write methods are wrappers on TestContext.Out (https://github.com/nunit/nunit.analyzers/tree/master/documentation/NUnit1033.md) [C:\repos\nunit\nunit3-vs-adapter.issues\Issue1041\Issue1041.csproj]
C:\repos\nunit\nunit3-vs-adapter.issues\Issue1041\UnitTest1.cs(5,21): error NUnit1029: The TestCaseSource provides '>0' parameter(s), but the Test method expects '0' parameter(s) (https://github.com/nunit/nunit.analyzers/tree/master/documentation/NUnit1029.md) [C:\repos\nunit\nunit3-vs-adapter.issues\Issue1041\Issue1041.csproj]
C:\repos\nunit\nunit3-vs-adapter.issues\Issue1041\UnitTest1.cs(11,21): error NUnit1029: The TestCaseSource provides '>0' parameter(s), but the Test method expects '0' parameter(s) (https://github.com/nunit/nunit.analyzers/tree/master/documentation/NUnit1029.md) [C:\repos\nunit\nunit3-vs-adapter.issues\Issue1041\Issue1041.csproj]
    2 Warning(s)
    2 Error(s)

Time Elapsed 00:00:01.69


