Project: Issue1044\Issue1044.sln
Issue: Issue1044
================================================================================

STDOUT:
--------------------------------------------------------------------------------
C:\repos\nunit\nunit3-vs-adapter.issues\Issue1044\UnitTest1.cs(17,21): error NUnit1029: The TestCaseSource provides '>0' parameter(s), but the Test method expects '0' parameter(s) (https://github.com/nunit/nunit.analyzers/tree/master/documentation/NUnit1029.md) [C:\repos\nunit\nunit3-vs-adapter.issues\Issue1044\Issue1044.csproj]
C:\repos\nunit\nunit3-vs-adapter.issues\Issue1044\UnitTest1.cs(20,9): warning NUnit1033: The Write methods are wrappers on TestContext.Out (https://github.com/nunit/nunit.analyzers/tree/master/documentation/NUnit1033.md) [C:\repos\nunit\nunit3-vs-adapter.issues\Issue1044\Issue1044.csproj]
C:\repos\nunit\nunit3-vs-adapter.issues\Issue1044\UnitTest1.cs(24,21): error NUnit1029: The TestCaseSource provides '>0' parameter(s), but the Test method expects '0' parameter(s) (https://github.com/nunit/nunit.analyzers/tree/master/documentation/NUnit1029.md) [C:\repos\nunit\nunit3-vs-adapter.issues\Issue1044\Issue1044.csproj]
C:\repos\nunit\nunit3-vs-adapter.issues\Issue1044\UnitTest1.cs(12,9): warning NUnit1033: The Write methods are wrappers on TestContext.Out (https://github.com/nunit/nunit.analyzers/tree/master/documentation/NUnit1033.md) [C:\repos\nunit\nunit3-vs-adapter.issues\Issue1044\Issue1044.csproj]
C:\repos\nunit\nunit3-vs-adapter.issues\Issue1044\UnitTest1.cs(28,9): warning NUnit1033: The Write methods are wrappers on TestContext.Out (https://github.com/nunit/nunit.analyzers/tree/master/documentation/NUnit1033.md) [C:\repos\nunit\nunit3-vs-adapter.issues\Issue1044\Issue1044.csproj]

Build FAILED.

C:\repos\nunit\nunit3-vs-adapter.issues\Issue1044\UnitTest1.cs(20,9): warning NUnit1033: The Write methods are wrappers on TestContext.Out (https://github.com/nunit/nunit.analyzers/tree/master/documentation/NUnit1033.md) [C:\repos\nunit\nunit3-vs-adapter.issues\Issue1044\Issue1044.csproj]
C:\repos\nunit\nunit3-vs-adapter.issues\Issue1044\UnitTest1.cs(12,9): warning NUnit1033: The Write methods are wrappers on TestContext.Out (https://github.com/nunit/nunit.analyzers/tree/master/documentation/NUnit1033.md) [C:\repos\nunit\nunit3-vs-adapter.issues\Issue1044\Issue1044.csproj]
C:\repos\nunit\nunit3-vs-adapter.issues\Issue1044\UnitTest1.cs(28,9): warning NUnit1033: The Write methods are wrappers on TestContext.Out (https://github.com/nunit/nunit.analyzers/tree/master/documentation/NUnit1033.md) [C:\repos\nunit\nunit3-vs-adapter.issues\Issue1044\Issue1044.csproj]
C:\repos\nunit\nunit3-vs-adapter.issues\Issue1044\UnitTest1.cs(17,21): error NUnit1029: The TestCaseSource provides '>0' parameter(s), but the Test method expects '0' parameter(s) (https://github.com/nunit/nunit.analyzers/tree/master/documentation/NUnit1029.md) [C:\repos\nunit\nunit3-vs-adapter.issues\Issue1044\Issue1044.csproj]
C:\repos\nunit\nunit3-vs-adapter.issues\Issue1044\UnitTest1.cs(24,21): error NUnit1029: The TestCaseSource provides '>0' parameter(s), but the Test method expects '0' parameter(s) (https://github.com/nunit/nunit.analyzers/tree/master/documentation/NUnit1029.md) [C:\repos\nunit\nunit3-vs-adapter.issues\Issue1044\Issue1044.csproj]
    3 Warning(s)
    2 Error(s)

Time Elapsed 00:00:01.60


