[
  {
    "number": 817,
    "project_path": "NunitTestReRunProblem\\TestNunit\\TestNunit.csproj",
    "project_style": "classic",
    "target_frameworks": [],
    "packages": [
      "NUnit=3.13.1",
      "NUnit3TestAdapter=4.0.0-beta.1"
    ],
    "update_result": "success",
    "update_output": "[Issue817\\NunitTestReRunProblem\\TestNunit\\TestNunit.csproj]\nDiscovering projects...\r\nAnalyzing project(s)...\r\nAnalyzing dependencies...\r\nNo outdated dependencies were detected\r\nElapsed: 00:00:01.5756068\r\n",
    "update_error": "",
    "restore_result": "success",
    "restore_output": "  Determining projects to restore...\r\n  Nothing to do. None of the projects specified contain packages to restore.\r\n",
    "restore_error": "",
    "build_result": "fail",
    "build_output": "  Determining projects to restore...\r\n  Nothing to do. None of the projects specified contain packages to restore.\r\nC:\\repos\\nunit\\nunit3-vs-adapter.issues\\Issue817\\NunitTestReRunProblem\\TestNunit\\TestNunit.csproj(62,5): error : This project references NuGet package(s) that are missing on this computer. Use NuGet Package Restore to download them.  For more information, see http://go.microsoft.com/fwlink/?LinkID=322105. The missing file is packages\\NUnit.3.13.1\\build\\NUnit.props.\r\n\r\nBuild FAILED.\r\n\r\nC:\\repos\\nunit\\nunit3-vs-adapter.issues\\Issue817\\NunitTestReRunProblem\\TestNunit\\TestNunit.csproj(62,5): error : This project references NuGet package(s) that are missing on this computer. Use NuGet Package Restore to download them.  For more information, see http://go.microsoft.com/fwlink/?LinkID=322105. The missing file is packages\\NUnit.3.13.1\\build\\NUnit.props.\r\n    0 Warning(s)\r\n    1 Error(s)\r\n\r\nTime Elapsed 00:00:00.85\r\n",
    "build_error": "",
    "test_result": "not run",
    "test_output": "=== Issue817\\NunitTestReRunProblem\\TestNunit\\TestNunit.csproj ===\n=== Restore ===\n  Determining projects to restore...\r\n  Nothing to do. None of the projects specified contain packages to restore.\r\n\n=== Build ===\n  Determining projects to restore...\r\n  Nothing to do. None of the projects specified contain packages to restore.\r\nC:\\repos\\nunit\\nunit3-vs-adapter.issues\\Issue817\\NunitTestReRunProblem\\TestNunit\\TestNunit.csproj(62,5): error : This project references NuGet package(s) that are missing on this computer. Use NuGet Package Restore to download them.  For more information, see http://go.microsoft.com/fwlink/?LinkID=322105. The missing file is packages\\NUnit.3.13.1\\build\\NUnit.props.\r\n\r\nBuild FAILED.\r\n\r\nC:\\repos\\nunit\\nunit3-vs-adapter.issues\\Issue817\\NunitTestReRunProblem\\TestNunit\\TestNunit.csproj(62,5): error : This project references NuGet package(s) that are missing on this computer. Use NuGet Package Restore to download them.  For more information, see http://go.microsoft.com/fwlink/?LinkID=322105. The missing file is packages\\NUnit.3.13.1\\build\\NUnit.props.\r\n    0 Warning(s)\r\n    1 Error(s)\r\n\r\nTime Elapsed 00:00:00.85\r\n",
    "test_error": "",
    "test_conclusion": "Failure: Build failed",
    "runner_scripts": null,
    "runsettings": null,
    "feed": "Stable",
    "runner_expectations": null,
    "last_run": "2026-01-19T21:39:53Z"
  }
]