[
  {
    "number": 658,
    "project_path": "Explicit\\ExplicitCore\\ExplicitCore.csproj",
    "project_style": "SDK-style",
    "target_frameworks": [
      "net10.0"
    ],
    "packages": [
      "nunit=4.4.0",
      "NUnit3TestAdapter=6.1.0",
      "Microsoft.NET.Test.Sdk=18.0.1"
    ],
    "update_result": "success",
    "update_output": "[Issue658\\Explicit\\ExplicitCore\\ExplicitCore.csproj]\nDiscovering projects...\r\nAnalyzing project(s)...\r\nAnalyzing dependencies...\r\nNo outdated dependencies were detected\r\nElapsed: 00:00:04.1404169\r\n\n\n[Issue658\\Explicit\\Explicit\\Explicit.csproj]\nDiscovering projects...\r\nAnalyzing project(s)...\r\nAnalyzing dependencies...\r\nNo outdated dependencies were detected\r\nElapsed: 00:00:02.8857754\r\n\n\n[Issue658\\StopOnError\\StopOnError.csproj]\nDiscovering projects...\r\nAnalyzing project(s)...\r\nAnalyzing dependencies...\r\nNo outdated dependencies were detected\r\nElapsed: 00:00:03.9153925\r\n",
    "update_error": "",
    "restore_result": "success",
    "restore_output": "  Determining projects to restore...\r\n  Restored C:\\repos\\nunit\\nunit3-vs-adapter.issues\\Issue658\\StopOnError\\StopOnError.csproj (in 464 ms).\r\n",
    "restore_error": "",
    "build_result": "success",
    "build_output": "  Determining projects to restore...\r\n  All projects are up-to-date for restore.\r\n  StopOnError -\u003E C:\\repos\\nunit\\nunit3-vs-adapter.issues\\Issue658\\StopOnError\\bin\\Debug\\net10.0\\StopOnError.dll\r\n\r\nBuild succeeded.\r\n    0 Warning(s)\r\n    0 Error(s)\r\n\r\nTime Elapsed 00:00:03.43\r\n",
    "build_error": "",
    "test_result": "fail",
    "test_output": "=== Issue658\\Explicit\\ExplicitCore\\ExplicitCore.csproj ===\n=== Restore ===\n  Determining projects to restore...\r\n  Restored C:\\repos\\nunit\\nunit3-vs-adapter.issues\\Issue658\\Explicit\\ExplicitCore\\ExplicitCore.csproj (in 477 ms).\r\n\n=== Build ===\n  Determining projects to restore...\r\n  All projects are up-to-date for restore.\r\n  ExplicitCore -\u003E C:\\repos\\nunit\\nunit3-vs-adapter.issues\\Issue658\\Explicit\\ExplicitCore\\bin\\Debug\\net10.0\\ExplicitCore.dll\r\n\r\nBuild succeeded.\r\n    0 Warning(s)\r\n    0 Error(s)\r\n\r\nTime Elapsed 00:00:02.95\r\n\n=== Test ===\n  Determining projects to restore...\r\n  All projects are up-to-date for restore.\r\n  ExplicitCore -\u003E C:\\repos\\nunit\\nunit3-vs-adapter.issues\\Issue658\\Explicit\\ExplicitCore\\bin\\Debug\\net10.0\\ExplicitCore.dll\r\nTest run for C:\\repos\\nunit\\nunit3-vs-adapter.issues\\Issue658\\Explicit\\ExplicitCore\\bin\\Debug\\net10.0\\ExplicitCore.dll (.NETCoreApp,Version=v10.0)\r\nVSTest version 18.0.1 (x64)\r\n\r\nStarting test execution, please wait...\r\nA total of 1 test files matched the specified pattern.\r\n  Skipped AnIgnoredTest [5 ms]\r\n  Failed FailsTestMethod [69 ms]\r\n  Error Message:\r\n     Assert.That(1, Is.EqualTo(2))\r\n  Expected: 2\r\n  But was:  1\r\n\r\n  Stack Trace:\r\n     at ExplicitCore.TestClassCore.FailsTestMethod() in C:\\repos\\nunit\\nunit3-vs-adapter.issues\\Issue658\\Explicit\\ExplicitCore\\UnitTest1.cs:line 46\r\n\r\n1)    at ExplicitCore.TestClassCore.FailsTestMethod() in C:\\repos\\nunit\\nunit3-vs-adapter.issues\\Issue658\\Explicit\\ExplicitCore\\UnitTest1.cs:line 46\r\n\r\n\r\n  Failed SlowAndFailsTestMethod [\u003C 1 ms]\r\n  Stack Trace:\r\n     at ExplicitCore.TestClassCore.SlowAndFailsTestMethod() in C:\\repos\\nunit\\nunit3-vs-adapter.issues\\Issue658\\Explicit\\ExplicitCore\\UnitTest1.cs:line 40\r\n\r\n1)    at ExplicitCore.TestClassCore.SlowAndFailsTestMethod() in C:\\repos\\nunit\\nunit3-vs-adapter.issues\\Issue658\\Explicit\\ExplicitCore\\UnitTest1.cs:line 40\r\n\r\n\r\n  Skipped TestMethodCoreIsExplicit [\u003C 1 ms]\r\n\r\nFailed!  - Failed:     2, Passed:     1, Skipped:     1, Total:     4, Duration: 80 ms - ExplicitCore.dll (net10.0)\r\n\n\n=== Issue658\\Explicit\\Explicit\\Explicit.csproj ===\n=== Restore ===\n  Determining projects to restore...\r\n  Restored C:\\repos\\nunit\\nunit3-vs-adapter.issues\\Issue658\\Explicit\\Explicit\\Explicit.csproj (in 515 ms).\r\n\n=== Build ===\n  Determining projects to restore...\r\n  All projects are up-to-date for restore.\r\nC:\\repos\\nunit\\nunit3-vs-adapter.issues\\Issue658\\Explicit\\Explicit\\TestClass.cs(5,7): error CS0246: The type or namespace name \u0027NUnit\u0027 could not be found (are you missing a using directive or an assembly reference?) [C:\\repos\\nunit\\nunit3-vs-adapter.issues\\Issue658\\Explicit\\Explicit\\Explicit.csproj]\r\nC:\\repos\\nunit\\nunit3-vs-adapter.issues\\Issue658\\Explicit\\Explicit\\TestClass.cs(36,6): error CS0616: \u0027Explicit\u0027 is not an attribute class [C:\\repos\\nunit\\nunit3-vs-adapter.issues\\Issue658\\Explicit\\Explicit\\Explicit.csproj]\r\nC:\\repos\\nunit\\nunit3-vs-adapter.issues\\Issue658\\Explicit\\Explicit\\TestClass.cs(37,6): error CS0246: The type or namespace name \u0027TestFixtureAttribute\u0027 could not be found (are you missing a using directive or an assembly reference?) [C:\\repos\\nunit\\nunit3-vs-adapter.issues\\Issue658\\Explicit\\Explicit\\Explicit.csproj]\r\nC:\\repos\\nunit\\nunit3-vs-adapter.issues\\Issue658\\Explicit\\Explicit\\TestClass.cs(37,6): error CS0246: The type or namespace name \u0027TestFixture\u0027 could not be found (are you missing a using directive or an assembly reference?) [C:\\repos\\nunit\\nunit3-vs-adapter.issues\\Issue658\\Explicit\\Explicit\\Explicit.csproj]\r\nC:\\repos\\nunit\\nunit3-vs-adapter.issues\\Issue658\\Explicit\\Explicit\\TestClass.cs(9,6): error CS0246: The type or namespace name \u0027TestFixtureAttribute\u0027 could not be found (are you missing a using directive or an assembly reference?) [C:\\repos\\nunit\\nunit3-vs-adapter.issues\\Issue658\\Explicit\\Explicit\\Explicit.csproj]\r\nC:\\repos\\nunit\\nunit3-vs-adapter.issues\\Issue658\\Explicit\\Explicit\\TestClass.cs(9,6): error CS0246: The type or namespace name \u0027TestFixture\u0027 could not be found (are you missing a using directive or an assembly reference?) [C:\\repos\\nunit\\nunit3-vs-adapter.issues\\Issue658\\Explicit\\Explicit\\Explicit.csproj]\r\nC:\\repos\\nunit\\nunit3-vs-adapter.issues\\Issue658\\Explicit\\Explicit\\TestClass.cs(12,10): error CS0616: \u0027Explicit\u0027 is not an attribute class [C:\\repos\\nunit\\nunit3-vs-adapter.issues\\Issue658\\Explicit\\Explicit\\Explicit.csproj]\r\nC:\\repos\\nunit\\nunit3-vs-adapter.issues\\Issue658\\Explicit\\Explicit\\TestClass.cs(13,10): error CS0246: The type or namespace name \u0027TestAttribute\u0027 could not be found (are you missing a using directive or an assembly reference?) [C:\\repos\\nunit\\nunit3-vs-adapter.issues\\Issue658\\Explicit\\Explicit\\Explicit.csproj]\r\nC:\\repos\\nunit\\nunit3-vs-adapter.issues\\Issue658\\Explicit\\Explicit\\TestClass.cs(13,10): error CS0246: The type or namespace name \u0027Test\u0027 could not be found (are you missing a using directive or an assembly reference?) [C:\\repos\\nunit\\nunit3-vs-adapter.issues\\Issue658\\Explicit\\Explicit\\Explicit.csproj]\r\nC:\\repos\\nunit\\nunit3-vs-adapter.issues\\Issue658\\Explicit\\Explicit\\TestClass.cs(21,10): error CS0246: The type or namespace name \u0027TestAttribute\u0027 could not be found (are you missing a using directive or an assembly reference?) [C:\\repos\\nunit\\nunit3-vs-adapter.issues\\Issue658\\Explicit\\Explicit\\Explicit.csproj]\r\nC:\\repos\\nunit\\nunit3-vs-adapter.issues\\Issue658\\Explicit\\Explicit\\TestClass.cs(21,10): error CS0246: The type or namespace name \u0027Test\u0027 could not be found (are you missing a using directive or an assembly reference?) [C:\\repos\\nunit\\nunit3-vs-adapter.issues\\Issue658\\Explicit\\Explicit\\Explicit.csproj]\r\nC:\\repos\\nunit\\nunit3-vs-adapter.issues\\Issue658\\Explicit\\Explicit\\TestClass.cs(41,10): error CS0246: The type or namespace name \u0027TestAttribute\u0027 could not be found (are you missing a using directive or an assembly reference?) [C:\\repos\\nunit\\nunit3-vs-adapter.issues\\Issue658\\Explicit\\Explicit\\Explicit.csproj]\r\nC:\\repos\\nunit\\nunit3-vs-adapter.issues\\Issue658\\Explicit\\Explicit\\TestClass.cs(41,10): error CS0246: The type or namespace name \u0027Test\u0027 could not be found (are you missing a using directive or an assembly reference?) [C:\\repos\\nunit\\nunit3-vs-adapter.issues\\Issue658\\Explicit\\Explicit\\Explicit.csproj]\r\nC:\\repos\\nunit\\nunit3-vs-adapter.issues\\Issue658\\Explicit\\Explicit\\TestClass.cs(29,10): error CS0246: The type or namespace name \u0027TestAttribute\u0027 could not be found (are you missing a using directive or an assembly reference?) [C:\\repos\\nunit\\nunit3-vs-adapter.issues\\Issue658\\Explicit\\Explicit\\Explicit.csproj]\r\nC:\\repos\\nunit\\nunit3-vs-adapter.issues\\Issue658\\Explicit\\Explicit\\TestClass.cs(29,10): error CS0246: The type or namespace name \u0027Test\u0027 could not be found (are you missing a using directive or an assembly reference?) [C:\\repos\\nunit\\nunit3-vs-adapter.issues\\Issue658\\Explicit\\Explicit\\Explicit.csproj]\r\nC:\\repos\\nunit\\nunit3-vs-adapter.issues\\Issue658\\Explicit\\Explicit\\TestClass.cs(29,16): error CS0246: The type or namespace name \u0027CategoryAttribute\u0027 could not be found (are you missing a using directive or an assembly reference?) [C:\\repos\\nunit\\nunit3-vs-adapter.issues\\Issue658\\Explicit\\Explicit\\Explicit.csproj]\r\nC:\\repos\\nunit\\nunit3-vs-adapter.issues\\Issue658\\Explicit\\Explicit\\TestClass.cs(29,16): error CS0246: The type or namespace name \u0027Category\u0027 could not be found (are you missing a using directive or an assembly reference?) [C:\\repos\\nunit\\nunit3-vs-adapter.issues\\Issue658\\Explicit\\Explicit\\Explicit.csproj]\r\nC:\\repos\\nunit\\nunit3-vs-adapter.issues\\Issue658\\Explicit\\Explicit\\TestClass.cs(49,10): error CS0246: The type or namespace name \u0027TestAttribute\u0027 could not be found (are you missing a using directive or an assembly reference?) [C:\\repos\\nunit\\nunit3-vs-adapter.issues\\Issue658\\Explicit\\Explicit\\Explicit.csproj]\r\nC:\\repos\\nunit\\nunit3-vs-adapter.issues\\Issue658\\Explicit\\Explicit\\TestClass.cs(49,10): error CS0246: The type or namespace name \u0027Test\u0027 could not be found (are you missing a using directive or an assembly reference?) [C:\\repos\\nunit\\nunit3-vs-adapter.issues\\Issue658\\Explicit\\Explicit\\Explicit.csproj]\r\n\r\nBuild FAILED.\r\n\r\nC:\\repos\\nunit\\nunit3-vs-adapter.issues\\Issue658\\Explicit\\Explicit\\TestClass.cs(5,7): error CS0246: The type or namespace name \u0027NUnit\u0027 could not be found (are you missing a using directive or an assembly reference?) [C:\\repos\\nunit\\nunit3-vs-adapter.issues\\Issue658\\Explicit\\Explicit\\Explicit.csproj]\r\nC:\\repos\\nunit\\nunit3-vs-adapter.issues\\Issue658\\Explicit\\Explicit\\TestClass.cs(36,6): error CS0616: \u0027Explicit\u0027 is not an attribute class [C:\\repos\\nunit\\nunit3-vs-adapter.issues\\Issue658\\Explicit\\Explicit\\Explicit.csproj]\r\nC:\\repos\\nunit\\nunit3-vs-adapter.issues\\Issue658\\Explicit\\Explicit\\TestClass.cs(37,6): error CS0246: The type or namespace name \u0027TestFixtureAttribute\u0027 could not be found (are you missing a using directive or an assembly reference?) [C:\\repos\\nunit\\nunit3-vs-adapter.issues\\Issue658\\Explicit\\Explicit\\Explicit.csproj]\r\nC:\\repos\\nunit\\nunit3-vs-adapter.issues\\Issue658\\Explicit\\Explicit\\TestClass.cs(37,6): error CS0246: The type or namespace name \u0027TestFixture\u0027 could not be found (are you missing a using directive or an assembly reference?) [C:\\repos\\nunit\\nunit3-vs-adapter.issues\\Issue658\\Explicit\\Explicit\\Explicit.csproj]\r\nC:\\repos\\nunit\\nunit3-vs-adapter.issues\\Issue658\\Explicit\\Explicit\\TestClass.cs(9,6): error CS0246: The type or namespace name \u0027TestFixtureAttribute\u0027 could not be found (are you missing a using directive or an assembly reference?) [C:\\repos\\nunit\\nunit3-vs-adapter.issues\\Issue658\\Explicit\\Explicit\\Explicit.csproj]\r\nC:\\repos\\nunit\\nunit3-vs-adapter.issues\\Issue658\\Explicit\\Explicit\\TestClass.cs(9,6): error CS0246: The type or namespace name \u0027TestFixture\u0027 could not be found (are you missing a using directive or an assembly reference?) [C:\\repos\\nunit\\nunit3-vs-adapter.issues\\Issue658\\Explicit\\Explicit\\Explicit.csproj]\r\nC:\\repos\\nunit\\nunit3-vs-adapter.issues\\Issue658\\Explicit\\Explicit\\TestClass.cs(12,10): error CS0616: \u0027Explicit\u0027 is not an attribute class [C:\\repos\\nunit\\nunit3-vs-adapter.issues\\Issue658\\Explicit\\Explicit\\Explicit.csproj]\r\nC:\\repos\\nunit\\nunit3-vs-adapter.issues\\Issue658\\Explicit\\Explicit\\TestClass.cs(13,10): error CS0246: The type or namespace name \u0027TestAttribute\u0027 could not be found (are you missing a using directive or an assembly reference?) [C:\\repos\\nunit\\nunit3-vs-adapter.issues\\Issue658\\Explicit\\Explicit\\Explicit.csproj]\r\nC:\\repos\\nunit\\nunit3-vs-adapter.issues\\Issue658\\Explicit\\Explicit\\TestClass.cs(13,10): error CS0246: The type or namespace name \u0027Test\u0027 could not be found (are you missing a using directive or an assembly reference?) [C:\\repos\\nunit\\nunit3-vs-adapter.issues\\Issue658\\Explicit\\Explicit\\Explicit.csproj]\r\nC:\\repos\\nunit\\nunit3-vs-adapter.issues\\Issue658\\Explicit\\Explicit\\TestClass.cs(21,10): error CS0246: The type or namespace name \u0027TestAttribute\u0027 could not be found (are you missing a using directive or an assembly reference?) [C:\\repos\\nunit\\nunit3-vs-adapter.issues\\Issue658\\Explicit\\Explicit\\Explicit.csproj]\r\nC:\\repos\\nunit\\nunit3-vs-adapter.issues\\Issue658\\Explicit\\Explicit\\TestClass.cs(21,10): error CS0246: The type or namespace name \u0027Test\u0027 could not be found (are you missing a using directive or an assembly reference?) [C:\\repos\\nunit\\nunit3-vs-adapter.issues\\Issue658\\Explicit\\Explicit\\Explicit.csproj]\r\nC:\\repos\\nunit\\nunit3-vs-adapter.issues\\Issue658\\Explicit\\Explicit\\TestClass.cs(41,10): error CS0246: The type or namespace name \u0027TestAttribute\u0027 could not be found (are you missing a using directive or an assembly reference?) [C:\\repos\\nunit\\nunit3-vs-adapter.issues\\Issue658\\Explicit\\Explicit\\Explicit.csproj]\r\nC:\\repos\\nunit\\nunit3-vs-adapter.issues\\Issue658\\Explicit\\Explicit\\TestClass.cs(41,10): error CS0246: The type or namespace name \u0027Test\u0027 could not be found (are you missing a using directive or an assembly reference?) [C:\\repos\\nunit\\nunit3-vs-adapter.issues\\Issue658\\Explicit\\Explicit\\Explicit.csproj]\r\nC:\\repos\\nunit\\nunit3-vs-adapter.issues\\Issue658\\Explicit\\Explicit\\TestClass.cs(29,10): error CS0246: The type or namespace name \u0027TestAttribute\u0027 could not be found (are you missing a using directive or an assembly reference?) [C:\\repos\\nunit\\nunit3-vs-adapter.issues\\Issue658\\Explicit\\Explicit\\Explicit.csproj]\r\nC:\\repos\\nunit\\nunit3-vs-adapter.issues\\Issue658\\Explicit\\Explicit\\TestClass.cs(29,10): error CS0246: The type or namespace name \u0027Test\u0027 could not be found (are you missing a using directive or an assembly reference?) [C:\\repos\\nunit\\nunit3-vs-adapter.issues\\Issue658\\Explicit\\Explicit\\Explicit.csproj]\r\nC:\\repos\\nunit\\nunit3-vs-adapter.issues\\Issue658\\Explicit\\Explicit\\TestClass.cs(29,16): error CS0246: The type or namespace name \u0027CategoryAttribute\u0027 could not be found (are you missing a using directive or an assembly reference?) [C:\\repos\\nunit\\nunit3-vs-adapter.issues\\Issue658\\Explicit\\Explicit\\Explicit.csproj]\r\nC:\\repos\\nunit\\nunit3-vs-adapter.issues\\Issue658\\Explicit\\Explicit\\TestClass.cs(29,16): error CS0246: The type or namespace name \u0027Category\u0027 could not be found (are you missing a using directive or an assembly reference?) [C:\\repos\\nunit\\nunit3-vs-adapter.issues\\Issue658\\Explicit\\Explicit\\Explicit.csproj]\r\nC:\\repos\\nunit\\nunit3-vs-adapter.issues\\Issue658\\Explicit\\Explicit\\TestClass.cs(49,10): error CS0246: The type or namespace name \u0027TestAttribute\u0027 could not be found (are you missing a using directive or an assembly reference?) [C:\\repos\\nunit\\nunit3-vs-adapter.issues\\Issue658\\Explicit\\Explicit\\Explicit.csproj]\r\nC:\\repos\\nunit\\nunit3-vs-adapter.issues\\Issue658\\Explicit\\Explicit\\TestClass.cs(49,10): error CS0246: The type or namespace name \u0027Test\u0027 could not be found (are you missing a using directive or an assembly reference?) [C:\\repos\\nunit\\nunit3-vs-adapter.issues\\Issue658\\Explicit\\Explicit\\Explicit.csproj]\r\n    0 Warning(s)\r\n    19 Error(s)\r\n\r\nTime Elapsed 00:00:01.33\r\n\n\n=== Issue658\\StopOnError\\StopOnError.csproj ===\n=== Restore ===\n  Determining projects to restore...\r\n  Restored C:\\repos\\nunit\\nunit3-vs-adapter.issues\\Issue658\\StopOnError\\StopOnError.csproj (in 464 ms).\r\n\n=== Build ===\n  Determining projects to restore...\r\n  All projects are up-to-date for restore.\r\n  StopOnError -\u003E C:\\repos\\nunit\\nunit3-vs-adapter.issues\\Issue658\\StopOnError\\bin\\Debug\\net10.0\\StopOnError.dll\r\n\r\nBuild succeeded.\r\n    0 Warning(s)\r\n    0 Error(s)\r\n\r\nTime Elapsed 00:00:03.43\r\n\n=== Test ===\n  Determining projects to restore...\r\n  All projects are up-to-date for restore.\r\n  StopOnError -\u003E C:\\repos\\nunit\\nunit3-vs-adapter.issues\\Issue658\\StopOnError\\bin\\Debug\\net10.0\\StopOnError.dll\r\nTest run for C:\\repos\\nunit\\nunit3-vs-adapter.issues\\Issue658\\StopOnError\\bin\\Debug\\net10.0\\StopOnError.dll (.NETCoreApp,Version=v10.0)\r\nVSTest version 18.0.1 (x64)\r\n\r\nStarting test execution, please wait...\r\nA total of 1 test files matched the specified pattern.\r\n  Failed Test1 [97 ms]\r\n  Stack Trace:\r\n     at StopOnError.Tests.Test1() in C:\\repos\\nunit\\nunit3-vs-adapter.issues\\Issue658\\StopOnError\\UnitTest1.cs:line 15\r\n\r\n1)    at StopOnError.Tests.Test1() in C:\\repos\\nunit\\nunit3-vs-adapter.issues\\Issue658\\StopOnError\\UnitTest1.cs:line 15\r\n\r\n\r\n  Failed Test3 [1 ms]\r\n  Stack Trace:\r\n     at StopOnError.Tests.Test3() in C:\\repos\\nunit\\nunit3-vs-adapter.issues\\Issue658\\StopOnError\\UnitTest1.cs:line 27\r\n\r\n1)    at StopOnError.Tests.Test3() in C:\\repos\\nunit\\nunit3-vs-adapter.issues\\Issue658\\StopOnError\\UnitTest1.cs:line 27\r\n\r\n\r\n\r\nFailed!  - Failed:     2, Passed:     1, Skipped:     0, Total:     3, Duration: 104 ms - StopOnError.dll (net10.0)\r\n",
    "test_error": "",
    "test_conclusion": "Failure: Compilation failed (2 passed, 4 failed)",
    "runner_scripts": null,
    "runsettings": null,
    "feed": "Stable",
    "runner_expectations": null,
    "last_run": "2026-01-19T21:31:15Z"
  }
]