[
  {
    "number": 1167,
    "project_path": "MyApp.Tests.MSTest\\MyApp.Tests.MSTest.csproj",
    "project_style": "SDK-style",
    "target_frameworks": [
      "net10.0"
    ],
    "packages": [
      "Microsoft.NET.Test.Sdk=17.9.0",
      "MSTest.TestAdapter=3.3.1",
      "MSTest.TestFramework=3.3.1"
    ],
    "update_result": "Success",
    "update_output": "[Issue1167\\MyApp.Tests.MSTest\\MyApp.Tests.MSTest.csproj]\nRestored to initial state\n\n[Issue1167\\MyApp.Tests.NUnit\\MyApp.Tests.NUnit.csproj]\nRestored to initial state\n\n[Issue1167\\MyApp.Tests.xUnit\\MyApp.Tests.xUnit.csproj]\nRestored to initial state\n\n[Issue1167\\ConsoleRecorder.PoC\\ConsoleRecorder.PoC.csproj]\nRestored to initial state\n\n[Issue1167\\MyApp\\MyApp.csproj]\nRestored to initial state",
    "update_error": "",
    "restore_result": "Success",
    "restore_output": "  Determining projects to restore...\r\n  All projects are up-to-date for restore.\r\n",
    "restore_error": "",
    "build_result": "Success",
    "build_output": "  MyApp -\u003E C:\\repos\\nunit\\nunit3-vs-adapter.issues\\Issue1167\\MyApp\\bin\\Debug\\net10.0\\MyApp.dll\r\n\r\nBuild succeeded.\r\n    0 Warning(s)\r\n    0 Error(s)\r\n\r\nTime Elapsed 00:00:01.12\r\n",
    "build_error": "",
    "test_result": "Success",
    "test_output": "=== Issue1167\\MyApp.Tests.MSTest\\MyApp.Tests.MSTest.csproj ===\n=== Restore ===\n  Determining projects to restore...\r\n  Restored C:\\repos\\nunit\\nunit3-vs-adapter.issues\\Issue1167\\MyApp\\MyApp.csproj (in 272 ms).\r\n  Restored C:\\repos\\nunit\\nunit3-vs-adapter.issues\\Issue1167\\MyApp.Tests.MSTest\\MyApp.Tests.MSTest.csproj (in 727 ms).\r\n\n=== Build ===\n  MyApp -\u003E C:\\repos\\nunit\\nunit3-vs-adapter.issues\\Issue1167\\MyApp\\bin\\Debug\\net10.0\\MyApp.dll\r\n  MyApp.Tests.MSTest -\u003E C:\\repos\\nunit\\nunit3-vs-adapter.issues\\Issue1167\\MyApp.Tests.MSTest\\bin\\Debug\\net10.0\\MyApp.Tests.MSTest.dll\r\n\r\nBuild succeeded.\r\n    0 Warning(s)\r\n    0 Error(s)\r\n\r\nTime Elapsed 00:00:02.64\r\n\n=== Test ===\nTest run for C:\\repos\\nunit\\nunit3-vs-adapter.issues\\Issue1167\\MyApp.Tests.MSTest\\bin\\Debug\\net10.0\\MyApp.Tests.MSTest.dll (.NETCoreApp,Version=v10.0)\r\nVSTest version 18.0.1 (x64)\r\n\r\nStarting test execution, please wait...\r\nA total of 1 test files matched the specified pattern.\r\n\r\nPassed!  - Failed:     0, Passed:     3, Skipped:     0, Total:     3, Duration: 33 ms - MyApp.Tests.MSTest.dll (net10.0)\r\n\n\n=== Issue1167\\MyApp.Tests.NUnit\\MyApp.Tests.NUnit.csproj ===\n=== Restore ===\n  Determining projects to restore...\r\n  Restored C:\\repos\\nunit\\nunit3-vs-adapter.issues\\Issue1167\\MyApp.Tests.NUnit\\MyApp.Tests.NUnit.csproj (in 422 ms).\r\n  1 of 2 projects are up-to-date for restore.\r\n\n=== Build ===\n  MyApp -\u003E C:\\repos\\nunit\\nunit3-vs-adapter.issues\\Issue1167\\MyApp\\bin\\Debug\\net10.0\\MyApp.dll\r\n  MyApp.Tests.NUnit -\u003E C:\\repos\\nunit\\nunit3-vs-adapter.issues\\Issue1167\\MyApp.Tests.NUnit\\bin\\Debug\\net10.0\\MyApp.Tests.NUnit.dll\r\n\r\nBuild succeeded.\r\n    0 Warning(s)\r\n    0 Error(s)\r\n\r\nTime Elapsed 00:00:02.10\r\n\n=== Test ===\nTest run for C:\\repos\\nunit\\nunit3-vs-adapter.issues\\Issue1167\\MyApp.Tests.NUnit\\bin\\Debug\\net10.0\\MyApp.Tests.NUnit.dll (.NETCoreApp,Version=v10.0)\r\nVSTest version 18.0.1 (x64)\r\n\r\nStarting test execution, please wait...\r\nA total of 1 test files matched the specified pattern.\r\nException NUnit.Engine.NUnitEngineException,    Exception thrown executing tests in C:\\repos\\nunit\\nunit3-vs-adapter.issues\\Issue1167\\MyApp.Tests.NUnit\\bin\\Debug\\net10.0\\MyApp.Tests.NUnit.dll\r\nFailed to load the test assembly C:\\repos\\nunit\\nunit3-vs-adapter.issues\\Issue1167\\MyApp.Tests.NUnit\\bin\\Debug\\net10.0\\MyApp.Tests.NUnit.dll\r\n   at NUnit.Engine.Drivers.NUnitNetCore31Driver.Load(String assemblyPath, IDictionary\u00602 settings)\r\n   at NUnit.Engine.Runners.DirectTestRunner.LoadDriver(IFrameworkDriver driver, String testFile, TestPackage subPackage)\r\n   at NUnit.Engine.Runners.DirectTestRunner.LoadPackage()\r\n   at NUnit.Engine.Runners.DirectTestRunner.EnsurePackageIsLoaded()\r\n   at NUnit.Engine.Runners.DirectTestRunner.Explore(TestFilter filter)\r\n   at NUnit.Engine.Runners.MasterTestRunner.Explore(TestFilter filter)\r\n   at NUnit.VisualStudio.TestAdapter.NUnitEngine.NUnitEngineAdapter.Explore(TestFilter filter) in C:\\repos\\nunit\\nunit3-vs-adapter\\src\\NUnitTestAdapter\\NUnitEngine\\NUnitEngineAdapter.cs:line 95\r\n   at NUnit.VisualStudio.TestAdapter.NUnit3TestExecutor.RunAssembly(String assemblyPath, IGrouping\u00602 testCases, TestFilter filter, String assemblyName) in C:\\repos\\nunit\\nunit3-vs-adapter\\src\\NUnitTestAdapter\\NUnit3TestExecutor.cs:line 315\r\nInnerException: System.IO.FileNotFoundException: Could not load file or assembly \u0027Microsoft.Extensions.DependencyModel, Version=8.0.0.2, Culture=neutral, PublicKeyToken=adb9793829ddae60\u0027. The system cannot find the file specified.\r\nFile name: \u0027Microsoft.Extensions.DependencyModel, Version=8.0.0.2, Culture=neutral, PublicKeyToken=adb9793829ddae60\u0027\r\n   at NUnit.Engine.Internal.RuntimeLibrariesStrategy..ctor(AssemblyLoadContext loadContext, String testAssemblyPath)\r\n   at NUnit.Engine.Internal.RuntimeLibrariesStrategy..ctor(AssemblyLoadContext loadContext, String testAssemblyPath)\r\n   at NUnit.Engine.Internal.TestAssemblyResolver.InitializeResolutionStrategies(AssemblyLoadContext loadContext, String testAssemblyPath)\r\n   at NUnit.Engine.Internal.TestAssemblyResolver..ctor(AssemblyLoadContext loadContext, String testAssemblyPath)\r\n   at NUnit.Engine.Drivers.NUnitNetCore31Driver.Load(String assemblyPath, IDictionary\u00602 settings)\r\n  Failed C:\\repos\\nunit\\nunit3-vs-adapter.issues\\Issue1167\\MyApp.Tests.NUnit\\bin\\Debug\\net10.0\\MyApp.Tests.NUnit.dll\r\n  Error Message:\r\n   NUnit.Engine.NUnitEngineException: Failed to load the test assembly C:\\repos\\nunit\\nunit3-vs-adapter.issues\\Issue1167\\MyApp.Tests.NUnit\\bin\\Debug\\net10.0\\MyApp.Tests.NUnit.dll\r\n ---\u003E System.IO.FileNotFoundException: Could not load file or assembly \u0027Microsoft.Extensions.DependencyModel, Version=8.0.0.2, Culture=neutral, PublicKeyToken=adb9793829ddae60\u0027. The system cannot find the file specified.\r\nFile name: \u0027Microsoft.Extensions.DependencyModel, Version=8.0.0.2, Culture=neutral, PublicKeyToken=adb9793829ddae60\u0027\r\n   at NUnit.Engine.Internal.RuntimeLibrariesStrategy..ctor(AssemblyLoadContext loadContext, String testAssemblyPath)\r\n   at NUnit.Engine.Internal.RuntimeLibrariesStrategy..ctor(AssemblyLoadContext loadContext, String testAssemblyPath)\r\n   at NUnit.Engine.Internal.TestAssemblyResolver.InitializeResolutionStrategies(AssemblyLoadContext loadContext, String testAssemblyPath)\r\n   at NUnit.Engine.Internal.TestAssemblyResolver..ctor(AssemblyLoadContext loadContext, String testAssemblyPath)\r\n   at NUnit.Engine.Drivers.NUnitNetCore31Driver.Load(String assemblyPath, IDictionary\u00602 settings)\r\n   --- End of inner exception stack trace ---\r\n   at NUnit.Engine.Drivers.NUnitNetCore31Driver.Load(String assemblyPath, IDictionary\u00602 settings)\r\n   at NUnit.Engine.Runners.DirectTestRunner.LoadDriver(IFrameworkDriver driver, String testFile, TestPackage subPackage)\r\n   at NUnit.Engine.Runners.DirectTestRunner.LoadPackage()\r\n   at NUnit.Engine.Runners.DirectTestRunner.EnsurePackageIsLoaded()\r\n   at NUnit.Engine.Runners.DirectTestRunner.Explore(TestFilter filter)\r\n   at NUnit.Engine.Runners.MasterTestRunner.Explore(TestFilter filter)\r\n   at NUnit.VisualStudio.TestAdapter.NUnitEngine.NUnitEngineAdapter.Explore(TestFilter filter) in C:\\repos\\nunit\\nunit3-vs-adapter\\src\\NUnitTestAdapter\\NUnitEngine\\NUnitEngineAdapter.cs:line 95\r\n   at NUnit.VisualStudio.TestAdapter.NUnit3TestExecutor.RunAssembly(String assemblyPath, IGrouping\u00602 testCases, TestFilter filter, String assemblyName) in C:\\repos\\nunit\\nunit3-vs-adapter\\src\\NUnitTestAdapter\\NUnit3TestExecutor.cs:line 315\r\n  Stack Trace:\r\n     at NUnit.Engine.Drivers.NUnitNetCore31Driver.Load(String assemblyPath, IDictionary\u00602 settings)\r\n   at NUnit.Engine.Runners.DirectTestRunner.LoadDriver(IFrameworkDriver driver, String testFile, TestPackage subPackage)\r\n   at NUnit.Engine.Runners.DirectTestRunner.LoadPackage()\r\n   at NUnit.Engine.Runners.DirectTestRunner.EnsurePackageIsLoaded()\r\n   at NUnit.Engine.Runners.DirectTestRunner.Explore(TestFilter filter)\r\n   at NUnit.Engine.Runners.MasterTestRunner.Explore(TestFilter filter)\r\n   at NUnit.VisualStudio.TestAdapter.NUnitEngine.NUnitEngineAdapter.Explore(TestFilter filter) in C:\\repos\\nunit\\nunit3-vs-adapter\\src\\NUnitTestAdapter\\NUnitEngine\\NUnitEngineAdapter.cs:line 95\r\n   at NUnit.VisualStudio.TestAdapter.NUnit3TestExecutor.RunAssembly(String assemblyPath, IGrouping\u00602 testCases, TestFilter filter, String assemblyName) in C:\\repos\\nunit\\nunit3-vs-adapter\\src\\NUnitTestAdapter\\NUnit3TestExecutor.cs:line 315\r\n\r\nFailed!  - Failed:     1, Passed:     0, Skipped:     0, Total:     1, Duration: \u003C 1 ms - MyApp.Tests.NUnit.dll (net10.0)\r\n\n\n=== Issue1167\\MyApp.Tests.xUnit\\MyApp.Tests.xUnit.csproj ===\n=== Restore ===\n  Determining projects to restore...\r\n  Restored C:\\repos\\nunit\\nunit3-vs-adapter.issues\\Issue1167\\MyApp.Tests.xUnit\\MyApp.Tests.xUnit.csproj (in 436 ms).\r\n  1 of 2 projects are up-to-date for restore.\r\n\n=== Build ===\n  MyApp -\u003E C:\\repos\\nunit\\nunit3-vs-adapter.issues\\Issue1167\\MyApp\\bin\\Debug\\net10.0\\MyApp.dll\r\n  MyApp.Tests.xUnit -\u003E C:\\repos\\nunit\\nunit3-vs-adapter.issues\\Issue1167\\MyApp.Tests.xUnit\\bin\\Debug\\net10.0\\MyApp.Tests.xUnit.dll\r\n\r\nBuild succeeded.\r\n    0 Warning(s)\r\n    0 Error(s)\r\n\r\nTime Elapsed 00:00:02.83\r\n\n=== Test ===\nTest run for C:\\repos\\nunit\\nunit3-vs-adapter.issues\\Issue1167\\MyApp.Tests.xUnit\\bin\\Debug\\net10.0\\MyApp.Tests.xUnit.dll (.NETCoreApp,Version=v10.0)\r\nVSTest version 18.0.1 (x64)\r\n\r\nStarting test execution, please wait...\r\nA total of 1 test files matched the specified pattern.\r\n\r\nPassed!  - Failed:     0, Passed:     3, Skipped:     0, Total:     3, Duration: 48 ms - MyApp.Tests.xUnit.dll (net10.0)\r\n\n\n=== Issue1167\\ConsoleRecorder.PoC\\ConsoleRecorder.PoC.csproj ===\n=== Restore ===\n  Determining projects to restore...\r\n  Restored C:\\repos\\nunit\\nunit3-vs-adapter.issues\\Issue1167\\ConsoleRecorder.PoC\\ConsoleRecorder.PoC.csproj (in 435 ms).\r\n  1 of 2 projects are up-to-date for restore.\r\n\n=== Build ===\n  MyApp -\u003E C:\\repos\\nunit\\nunit3-vs-adapter.issues\\Issue1167\\MyApp\\bin\\Debug\\net10.0\\MyApp.dll\r\n  ConsoleRecorder.PoC -\u003E C:\\repos\\nunit\\nunit3-vs-adapter.issues\\Issue1167\\ConsoleRecorder.PoC\\bin\\Debug\\net10.0\\ConsoleRecorder.PoC.dll\r\n\r\nBuild succeeded.\r\n    0 Warning(s)\r\n    0 Error(s)\r\n\r\nTime Elapsed 00:00:02.22\r\n\n=== Test ===\nTest run for C:\\repos\\nunit\\nunit3-vs-adapter.issues\\Issue1167\\ConsoleRecorder.PoC\\bin\\Debug\\net10.0\\ConsoleRecorder.PoC.dll (.NETCoreApp,Version=v10.0)\r\nVSTest version 18.0.1 (x64)\r\n\r\nStarting test execution, please wait...\r\nA total of 1 test files matched the specified pattern.\r\nException NUnit.Engine.NUnitEngineException,    Exception thrown executing tests in C:\\repos\\nunit\\nunit3-vs-adapter.issues\\Issue1167\\ConsoleRecorder.PoC\\bin\\Debug\\net10.0\\ConsoleRecorder.PoC.dll\r\nFailed to load the test assembly C:\\repos\\nunit\\nunit3-vs-adapter.issues\\Issue1167\\ConsoleRecorder.PoC\\bin\\Debug\\net10.0\\ConsoleRecorder.PoC.dll\r\n   at NUnit.Engine.Drivers.NUnitNetCore31Driver.Load(String assemblyPath, IDictionary\u00602 settings)\r\n   at NUnit.Engine.Runners.DirectTestRunner.LoadDriver(IFrameworkDriver driver, String testFile, TestPackage subPackage)\r\n   at NUnit.Engine.Runners.DirectTestRunner.LoadPackage()\r\n   at NUnit.Engine.Runners.DirectTestRunner.EnsurePackageIsLoaded()\r\n   at NUnit.Engine.Runners.DirectTestRunner.Explore(TestFilter filter)\r\n   at NUnit.Engine.Runners.MasterTestRunner.Explore(TestFilter filter)\r\n   at NUnit.VisualStudio.TestAdapter.NUnitEngine.NUnitEngineAdapter.Explore(TestFilter filter) in C:\\repos\\nunit\\nunit3-vs-adapter\\src\\NUnitTestAdapter\\NUnitEngine\\NUnitEngineAdapter.cs:line 95\r\n   at NUnit.VisualStudio.TestAdapter.NUnit3TestExecutor.RunAssembly(String assemblyPath, IGrouping\u00602 testCases, TestFilter filter, String assemblyName) in C:\\repos\\nunit\\nunit3-vs-adapter\\src\\NUnitTestAdapter\\NUnit3TestExecutor.cs:line 315\r\nInnerException: System.IO.FileNotFoundException: Could not load file or assembly \u0027Microsoft.Extensions.DependencyModel, Version=8.0.0.2, Culture=neutral, PublicKeyToken=adb9793829ddae60\u0027. The system cannot find the file specified.\r\nFile name: \u0027Microsoft.Extensions.DependencyModel, Version=8.0.0.2, Culture=neutral, PublicKeyToken=adb9793829ddae60\u0027\r\n   at NUnit.Engine.Internal.RuntimeLibrariesStrategy..ctor(AssemblyLoadContext loadContext, String testAssemblyPath)\r\n   at NUnit.Engine.Internal.RuntimeLibrariesStrategy..ctor(AssemblyLoadContext loadContext, String testAssemblyPath)\r\n   at NUnit.Engine.Internal.TestAssemblyResolver.InitializeResolutionStrategies(AssemblyLoadContext loadContext, String testAssemblyPath)\r\n   at NUnit.Engine.Internal.TestAssemblyResolver..ctor(AssemblyLoadContext loadContext, String testAssemblyPath)\r\n   at NUnit.Engine.Drivers.NUnitNetCore31Driver.Load(String assemblyPath, IDictionary\u00602 settings)\r\n  Failed C:\\repos\\nunit\\nunit3-vs-adapter.issues\\Issue1167\\ConsoleRecorder.PoC\\bin\\Debug\\net10.0\\ConsoleRecorder.PoC.dll\r\n  Error Message:\r\n   NUnit.Engine.NUnitEngineException: Failed to load the test assembly C:\\repos\\nunit\\nunit3-vs-adapter.issues\\Issue1167\\ConsoleRecorder.PoC\\bin\\Debug\\net10.0\\ConsoleRecorder.PoC.dll\r\n ---\u003E System.IO.FileNotFoundException: Could not load file or assembly \u0027Microsoft.Extensions.DependencyModel, Version=8.0.0.2, Culture=neutral, PublicKeyToken=adb9793829ddae60\u0027. The system cannot find the file specified.\r\nFile name: \u0027Microsoft.Extensions.DependencyModel, Version=8.0.0.2, Culture=neutral, PublicKeyToken=adb9793829ddae60\u0027\r\n   at NUnit.Engine.Internal.RuntimeLibrariesStrategy..ctor(AssemblyLoadContext loadContext, String testAssemblyPath)\r\n   at NUnit.Engine.Internal.RuntimeLibrariesStrategy..ctor(AssemblyLoadContext loadContext, String testAssemblyPath)\r\n   at NUnit.Engine.Internal.TestAssemblyResolver.InitializeResolutionStrategies(AssemblyLoadContext loadContext, String testAssemblyPath)\r\n   at NUnit.Engine.Internal.TestAssemblyResolver..ctor(AssemblyLoadContext loadContext, String testAssemblyPath)\r\n   at NUnit.Engine.Drivers.NUnitNetCore31Driver.Load(String assemblyPath, IDictionary\u00602 settings)\r\n   --- End of inner exception stack trace ---\r\n   at NUnit.Engine.Drivers.NUnitNetCore31Driver.Load(String assemblyPath, IDictionary\u00602 settings)\r\n   at NUnit.Engine.Runners.DirectTestRunner.LoadDriver(IFrameworkDriver driver, String testFile, TestPackage subPackage)\r\n   at NUnit.Engine.Runners.DirectTestRunner.LoadPackage()\r\n   at NUnit.Engine.Runners.DirectTestRunner.EnsurePackageIsLoaded()\r\n   at NUnit.Engine.Runners.DirectTestRunner.Explore(TestFilter filter)\r\n   at NUnit.Engine.Runners.MasterTestRunner.Explore(TestFilter filter)\r\n   at NUnit.VisualStudio.TestAdapter.NUnitEngine.NUnitEngineAdapter.Explore(TestFilter filter) in C:\\repos\\nunit\\nunit3-vs-adapter\\src\\NUnitTestAdapter\\NUnitEngine\\NUnitEngineAdapter.cs:line 95\r\n   at NUnit.VisualStudio.TestAdapter.NUnit3TestExecutor.RunAssembly(String assemblyPath, IGrouping\u00602 testCases, TestFilter filter, String assemblyName) in C:\\repos\\nunit\\nunit3-vs-adapter\\src\\NUnitTestAdapter\\NUnit3TestExecutor.cs:line 315\r\n  Stack Trace:\r\n     at NUnit.Engine.Drivers.NUnitNetCore31Driver.Load(String assemblyPath, IDictionary\u00602 settings)\r\n   at NUnit.Engine.Runners.DirectTestRunner.LoadDriver(IFrameworkDriver driver, String testFile, TestPackage subPackage)\r\n   at NUnit.Engine.Runners.DirectTestRunner.LoadPackage()\r\n   at NUnit.Engine.Runners.DirectTestRunner.EnsurePackageIsLoaded()\r\n   at NUnit.Engine.Runners.DirectTestRunner.Explore(TestFilter filter)\r\n   at NUnit.Engine.Runners.MasterTestRunner.Explore(TestFilter filter)\r\n   at NUnit.VisualStudio.TestAdapter.NUnitEngine.NUnitEngineAdapter.Explore(TestFilter filter) in C:\\repos\\nunit\\nunit3-vs-adapter\\src\\NUnitTestAdapter\\NUnitEngine\\NUnitEngineAdapter.cs:line 95\r\n   at NUnit.VisualStudio.TestAdapter.NUnit3TestExecutor.RunAssembly(String assemblyPath, IGrouping\u00602 testCases, TestFilter filter, String assemblyName) in C:\\repos\\nunit\\nunit3-vs-adapter\\src\\NUnitTestAdapter\\NUnit3TestExecutor.cs:line 315\r\n\r\nFailed!  - Failed:     1, Passed:     0, Skipped:     0, Total:     1, Duration: \u003C 1 ms - ConsoleRecorder.PoC.dll (net10.0)\r\n\n\n=== Issue1167\\MyApp\\MyApp.csproj ===\n=== Restore ===\n  Determining projects to restore...\r\n  All projects are up-to-date for restore.\r\n\n=== Build ===\n  MyApp -\u003E C:\\repos\\nunit\\nunit3-vs-adapter.issues\\Issue1167\\MyApp\\bin\\Debug\\net10.0\\MyApp.dll\r\n\r\nBuild succeeded.\r\n    0 Warning(s)\r\n    0 Error(s)\r\n\r\nTime Elapsed 00:00:01.12\r\n\n=== Test ===\n",
    "test_error": "",
    "test_conclusion": "Failure: Test assertions failed (6 passed, 2 failed)",
    "runner_scripts": null,
    "runsettings": "C:/repos/nunit/nunit3-vs-adapter.issues\\Issue1167\\.runsettings",
    "feed": "Initial",
    "runner_expectations": null,
    "last_run": "2026-01-29T16:39:54Z",
    "run_result": "Run",
    "reason": ""
  }
]