[
  {
    "number": 261,
    "project_path": "Issue261.csproj",
    "project_style": "classic",
    "target_frameworks": [],
    "packages": [
      "NUnit=3.13.3",
      "NUnit3TestAdapter=4.3.0"
    ],
    "update_result": "success",
    "update_output": "[Issue261\\Issue261.csproj]\nDiscovering projects...\r\nAnalyzing project(s)...\r\nAnalyzing dependencies...\r\nNo outdated dependencies were detected\r\nElapsed: 00:00:01.3411344\r\n",
    "update_error": "",
    "restore_result": "success",
    "restore_output": "  Determining projects to restore...\r\n  Nothing to do. None of the projects specified contain packages to restore.\r\n",
    "restore_error": "",
    "build_result": "fail",
    "build_output": "  Determining projects to restore...\r\n  Nothing to do. None of the projects specified contain packages to restore.\r\nC:\\repos\\nunit\\nunit3-vs-adapter.issues\\Issue261\\Issue261.csproj(85,5): error : This project references NuGet package(s) that are missing on this computer. Enable NuGet Package Restore to download them.  For more information, see http://go.microsoft.com/fwlink/?LinkID=322105. The missing file is packages\\NUnit3TestAdapter.4.3.0\\build\\net35\\NUnit3TestAdapter.props.\r\n\r\nBuild FAILED.\r\n\r\nC:\\repos\\nunit\\nunit3-vs-adapter.issues\\Issue261\\Issue261.csproj(85,5): error : This project references NuGet package(s) that are missing on this computer. Enable NuGet Package Restore to download them.  For more information, see http://go.microsoft.com/fwlink/?LinkID=322105. The missing file is packages\\NUnit3TestAdapter.4.3.0\\build\\net35\\NUnit3TestAdapter.props.\r\n    0 Warning(s)\r\n    1 Error(s)\r\n\r\nTime Elapsed 00:00:01.06\r\n",
    "build_error": "",
    "test_result": "not run",
    "test_output": "=== Issue261\\Issue261.csproj ===\n=== Restore ===\n  Determining projects to restore...\r\n  Nothing to do. None of the projects specified contain packages to restore.\r\n\n=== Build ===\n  Determining projects to restore...\r\n  Nothing to do. None of the projects specified contain packages to restore.\r\nC:\\repos\\nunit\\nunit3-vs-adapter.issues\\Issue261\\Issue261.csproj(85,5): error : This project references NuGet package(s) that are missing on this computer. Enable NuGet Package Restore to download them.  For more information, see http://go.microsoft.com/fwlink/?LinkID=322105. The missing file is packages\\NUnit3TestAdapter.4.3.0\\build\\net35\\NUnit3TestAdapter.props.\r\n\r\nBuild FAILED.\r\n\r\nC:\\repos\\nunit\\nunit3-vs-adapter.issues\\Issue261\\Issue261.csproj(85,5): error : This project references NuGet package(s) that are missing on this computer. Enable NuGet Package Restore to download them.  For more information, see http://go.microsoft.com/fwlink/?LinkID=322105. The missing file is packages\\NUnit3TestAdapter.4.3.0\\build\\net35\\NUnit3TestAdapter.props.\r\n    0 Warning(s)\r\n    1 Error(s)\r\n\r\nTime Elapsed 00:00:01.06\r\n",
    "test_error": "",
    "test_conclusion": "Failure: Build failed",
    "runner_scripts": null,
    "runsettings": null,
    "feed": "Stable",
    "runner_expectations": null,
    "last_run": "2026-01-20T19:13:42Z"
  }
]