[
  {
    "number": 1039,
    "project_path": "LibraryToTest.Tests\\LibraryToTest.Tests.csproj",
    "project_style": "SDK-style",
    "target_frameworks": [
      "net10.0"
    ],
    "packages": [
      "Microsoft.NET.Test.Sdk=17.1.0",
      "Moq=4.18.3",
      "NUnit=3.13.3",
      "NUnit.Analyzers=3.5.0",
      "coverlet.collector=3.1.2",
      "NUnit3TestAdapter=4.3.1"
    ],
    "update_result": "Success",
    "update_output": "[Issue1039\\LibraryToTest.Tests\\LibraryToTest.Tests.csproj]\nRestored to initial state",
    "update_error": "",
    "restore_result": "Success",
    "restore_output": "  Determining projects to restore...\r\nC:\\repos\\nunit\\nunit3-vs-adapter.issues\\Issue1039\\LibraryToTest.Tests\\LibraryToTest.Tests.csproj : warning NU1903: Package \u0027Newtonsoft.Json\u0027 9.0.1 has a known high severity vulnerability, https://github.com/advisories/GHSA-5crp-9r3c-p9vr\r\n  Restored C:\\repos\\nunit\\nunit3-vs-adapter.issues\\Issue1039\\LibraryToTest.Tests\\LibraryToTest.Tests.csproj (in 601 ms).\r\n",
    "restore_error": "",
    "build_result": "Failed",
    "build_output": "C:\\repos\\nunit\\nunit3-vs-adapter.issues\\Issue1039\\LibraryToTest.Tests\\LibraryToTest.Tests.csproj : warning NU1903: Package \u0027Newtonsoft.Json\u0027 9.0.1 has a known high severity vulnerability, https://github.com/advisories/GHSA-5crp-9r3c-p9vr\r\nC:\\repos\\nunit\\nunit3-vs-adapter.issues\\Issue1039\\LibraryToTest.Tests\\LibraryTests.cs(2,23): error CS0234: The type or namespace name \u0027Legacy\u0027 does not exist in the namespace \u0027NUnit.Framework\u0027 (are you missing an assembly reference?) [C:\\repos\\nunit\\nunit3-vs-adapter.issues\\Issue1039\\LibraryToTest.Tests\\LibraryToTest.Tests.csproj]\r\n\r\nBuild FAILED.\r\n\r\nC:\\repos\\nunit\\nunit3-vs-adapter.issues\\Issue1039\\LibraryToTest.Tests\\LibraryToTest.Tests.csproj : warning NU1903: Package \u0027Newtonsoft.Json\u0027 9.0.1 has a known high severity vulnerability, https://github.com/advisories/GHSA-5crp-9r3c-p9vr\r\nC:\\repos\\nunit\\nunit3-vs-adapter.issues\\Issue1039\\LibraryToTest.Tests\\LibraryTests.cs(2,23): error CS0234: The type or namespace name \u0027Legacy\u0027 does not exist in the namespace \u0027NUnit.Framework\u0027 (are you missing an assembly reference?) [C:\\repos\\nunit\\nunit3-vs-adapter.issues\\Issue1039\\LibraryToTest.Tests\\LibraryToTest.Tests.csproj]\r\n    1 Warning(s)\r\n    1 Error(s)\r\n\r\nTime Elapsed 00:00:01.57\r\n",
    "build_error": "",
    "test_result": "NotRun",
    "test_output": "=== Issue1039\\LibraryToTest.Tests\\LibraryToTest.Tests.csproj ===\n=== Restore ===\n  Determining projects to restore...\r\nC:\\repos\\nunit\\nunit3-vs-adapter.issues\\Issue1039\\LibraryToTest.Tests\\LibraryToTest.Tests.csproj : warning NU1903: Package \u0027Newtonsoft.Json\u0027 9.0.1 has a known high severity vulnerability, https://github.com/advisories/GHSA-5crp-9r3c-p9vr\r\n  Restored C:\\repos\\nunit\\nunit3-vs-adapter.issues\\Issue1039\\LibraryToTest.Tests\\LibraryToTest.Tests.csproj (in 601 ms).\r\n\n=== Build ===\nC:\\repos\\nunit\\nunit3-vs-adapter.issues\\Issue1039\\LibraryToTest.Tests\\LibraryToTest.Tests.csproj : warning NU1903: Package \u0027Newtonsoft.Json\u0027 9.0.1 has a known high severity vulnerability, https://github.com/advisories/GHSA-5crp-9r3c-p9vr\r\nC:\\repos\\nunit\\nunit3-vs-adapter.issues\\Issue1039\\LibraryToTest.Tests\\LibraryTests.cs(2,23): error CS0234: The type or namespace name \u0027Legacy\u0027 does not exist in the namespace \u0027NUnit.Framework\u0027 (are you missing an assembly reference?) [C:\\repos\\nunit\\nunit3-vs-adapter.issues\\Issue1039\\LibraryToTest.Tests\\LibraryToTest.Tests.csproj]\r\n\r\nBuild FAILED.\r\n\r\nC:\\repos\\nunit\\nunit3-vs-adapter.issues\\Issue1039\\LibraryToTest.Tests\\LibraryToTest.Tests.csproj : warning NU1903: Package \u0027Newtonsoft.Json\u0027 9.0.1 has a known high severity vulnerability, https://github.com/advisories/GHSA-5crp-9r3c-p9vr\r\nC:\\repos\\nunit\\nunit3-vs-adapter.issues\\Issue1039\\LibraryToTest.Tests\\LibraryTests.cs(2,23): error CS0234: The type or namespace name \u0027Legacy\u0027 does not exist in the namespace \u0027NUnit.Framework\u0027 (are you missing an assembly reference?) [C:\\repos\\nunit\\nunit3-vs-adapter.issues\\Issue1039\\LibraryToTest.Tests\\LibraryToTest.Tests.csproj]\r\n    1 Warning(s)\r\n    1 Error(s)\r\n\r\nTime Elapsed 00:00:01.57\r\n",
    "test_error": "",
    "test_conclusion": "Failure: Build failed",
    "runner_scripts": null,
    "runsettings": null,
    "feed": "Initial",
    "runner_expectations": null,
    "last_run": "2026-01-29T16:36:07Z",
    "run_result": "Run",
    "reason": ""
  }
]