[
  {
    "number": 765,
    "project_path": "NSubstituteSkippedTestDemo/NSubstituteSkippedTestDemo/NSubstituteSkippedTestDemo.csproj",
    "project_style": "sdk",
    "target_frameworks": [
      "net10.0"
    ],
    "packages": [
      "NSubstitute=5.3.0",
      "NSubstitute.Analyzers.CSharp=1.0.17",
      "nunit=4.4.0",
      "NUnit3TestAdapter=6.0.0",
      "Microsoft.NET.Test.Sdk=18.0.1"
    ],
    "update_result": "success",
    "update_output": "[nunit]\nDiscovering projects...\nAnalyzing project(s)...\nAnalyzing dependencies...\nNo outdated dependencies were detected\nElapsed: 00:00:03.0288059\n\n[other]\nDiscovering projects...\nAnalyzing project(s)...\nAnalyzing dependencies...\nNo outdated dependencies were detected\nElapsed: 00:00:03.5723548\n",
    "update_error": "[nunit]\n\n[other]\n",
    "test_result": "fail",
    "test_output": "  Determining projects to restore...\n  Restored C:\\repos\\nunit\\nunit3-vs-adapter.issues\\Issue765\\NSubstituteSkippedTestDemo\\NSubstituteSkippedTestDemo\\NSubstituteSkippedTestDemo.csproj (in 487 ms).\nC:\\repos\\nunit\\nunit3-vs-adapter.issues\\Issue765\\NSubstituteSkippedTestDemo\\NSubstituteSkippedTestDemo\\Tests.cs(68,20): error CS0117: 'Assert' does not contain a definition for 'AreEqual' [C:\\repos\\nunit\\nunit3-vs-adapter.issues\\Issue765\\NSubstituteSkippedTestDemo\\NSubstituteSkippedTestDemo\\NSubstituteSkippedTestDemo.csproj]\nC:\\repos\\nunit\\nunit3-vs-adapter.issues\\Issue765\\NSubstituteSkippedTestDemo\\NSubstituteSkippedTestDemo\\Tests.cs(38,20): error CS0117: 'Assert' does not contain a definition for 'AreEqual' [C:\\repos\\nunit\\nunit3-vs-adapter.issues\\Issue765\\NSubstituteSkippedTestDemo\\NSubstituteSkippedTestDemo\\NSubstituteSkippedTestDemo.csproj]\nC:\\repos\\nunit\\nunit3-vs-adapter.issues\\Issue765\\NSubstituteSkippedTestDemo\\NSubstituteSkippedTestDemo\\Tests.cs(75,20): error CS0117: 'Assert' does not contain a definition for 'AreEqual' [C:\\repos\\nunit\\nunit3-vs-adapter.issues\\Issue765\\NSubstituteSkippedTestDemo\\NSubstituteSkippedTestDemo\\NSubstituteSkippedTestDemo.csproj]\nC:\\repos\\nunit\\nunit3-vs-adapter.issues\\Issue765\\NSubstituteSkippedTestDemo\\NSubstituteSkippedTestDemo\\Tests.cs(46,20): error CS0117: 'Assert' does not contain a definition for 'AreEqual' [C:\\repos\\nunit\\nunit3-vs-adapter.issues\\Issue765\\NSubstituteSkippedTestDemo\\NSubstituteSkippedTestDemo\\NSubstituteSkippedTestDemo.csproj]\n",
    "test_error": "",
    "test_conclusion": "Failure: Regression failure."
  }
]