[
  {
    "number": 1102,
    "project_path": "MyApp.Tests.MSTest\\MyApp.Tests.MSTest.csproj",
    "project_style": "SDK-style",
    "target_frameworks": [
      "net10.0"
    ],
    "packages": [
      "Microsoft.NET.Test.Sdk=17.1.0",
      "MSTest.TestAdapter=2.2.8",
      "MSTest.TestFramework=2.2.8",
      "coverlet.collector=3.1.2"
    ],
    "update_result": "success",
    "update_output": "[Issue1102\\MyApp.Tests.MSTest\\MyApp.Tests.MSTest.csproj]\nDiscovering projects...\r\nAnalyzing project(s)...\r\nAnalyzing dependencies...\r\n\u00C2\u00BB MyApp.Tests.MSTest\r\n  [net10.0]\r\n  coverlet.collector    3.1.2 -\u003E 6.0.4\r\n  MSTest.TestAdapter    2.2.8 -\u003E 4.0.2\r\n  MSTest.TestFramework  2.2.8 -\u003E 4.0.2\r\n\r\nVersion color legend:\r\n\u003Cred\u003E   : Major version update or pre-release version. Possible breaking changes.\r\n\u003Cyellow\u003E: Minor version update. Backwards-compatible features added.\r\n\u003Cgreen\u003E : Patch version update. Backwards-compatible bug fixes.\r\n\r\nUpgrading package coverlet.collector...\r\nProject MyApp.Tests.MSTest [net10.0] upgraded successfully\r\n\r\nUpgrading package MSTest.TestAdapter...\r\nProject MyApp.Tests.MSTest [net10.0] upgraded successfully\r\n\r\nUpgrading package MSTest.TestFramework...\r\nProject MyApp.Tests.MSTest [net10.0] upgraded successfully\r\n\r\nElapsed: 00:00:14.2457197\r\n\n\n[Issue1102\\MyApp.Tests.NUnit\\MyApp.Tests.NUnit.csproj]\nDiscovering projects...\r\nAnalyzing project(s)...\r\nAnalyzing dependencies...\r\n\u00C2\u00BB MyApp.Tests.NUnit\r\n  [net10.0]\r\n  coverlet.collector  3.1.2 -\u003E 6.0.4 \r\n  NUnit.Analyzers     3.3.0 -\u003E 4.11.2\r\n\r\nVersion color legend:\r\n\u003Cred\u003E   : Major version update or pre-release version. Possible breaking changes.\r\n\u003Cyellow\u003E: Minor version update. Backwards-compatible features added.\r\n\u003Cgreen\u003E : Patch version update. Backwards-compatible bug fixes.\r\n\r\nUpgrading package coverlet.collector...\r\nProject MyApp.Tests.NUnit [net10.0] upgraded successfully\r\n\r\nUpgrading package NUnit.Analyzers...\r\nProject MyApp.Tests.NUnit [net10.0] upgraded successfully\r\n\r\nElapsed: 00:00:08.4496152\r\n\n\n[Issue1102\\MyApp\\MyApp.csproj]\nDiscovering projects...\r\nAnalyzing project(s)...\r\nAnalyzing dependencies...\r\nNo outdated dependencies were detected\r\nElapsed: 00:00:01.5627006\r\n",
    "update_error": "",
    "restore_result": "success",
    "restore_output": "  Determining projects to restore...\r\n  All projects are up-to-date for restore.\r\n",
    "restore_error": "",
    "build_result": "success",
    "build_output": "  Determining projects to restore...\r\n  All projects are up-to-date for restore.\r\n  MyApp -\u003E C:\\repos\\nunit\\nunit3-vs-adapter.issues\\Issue1102\\MyApp\\bin\\Debug\\net10.0\\MyApp.dll\r\n\r\nBuild succeeded.\r\n    0 Warning(s)\r\n    0 Error(s)\r\n\r\nTime Elapsed 00:00:02.54\r\n",
    "build_error": "",
    "test_result": "success",
    "test_output": "=== Issue1102\\MyApp.Tests.MSTest\\MyApp.Tests.MSTest.csproj ===\n=== Restore ===\n  Determining projects to restore...\r\n  Restored C:\\repos\\nunit\\nunit3-vs-adapter.issues\\Issue1102\\MyApp\\MyApp.csproj (in 166 ms).\r\n  Restored C:\\repos\\nunit\\nunit3-vs-adapter.issues\\Issue1102\\MyApp.Tests.MSTest\\MyApp.Tests.MSTest.csproj (in 310 ms).\r\n\n=== Build ===\n  Determining projects to restore...\r\n  All projects are up-to-date for restore.\r\n  MyApp -\u003E C:\\repos\\nunit\\nunit3-vs-adapter.issues\\Issue1102\\MyApp\\bin\\Debug\\net10.0\\MyApp.dll\r\nCSC : warning MSTEST0001: Explicitly enable or disable tests parallelization (https://learn.microsoft.com/dotnet/core/testing/mstest-analyzers/mstest0001) [C:\\repos\\nunit\\nunit3-vs-adapter.issues\\Issue1102\\MyApp.Tests.MSTest\\MyApp.Tests.MSTest.csproj]\r\nC:\\repos\\nunit\\nunit3-vs-adapter.issues\\Issue1102\\MyApp.Tests.MSTest\\UnitTest1.cs(10,13): warning MSTEST0032: Review or remove the assertion as its condition is known to be always true (https://learn.microsoft.com/dotnet/core/testing/mstest-analyzers/mstest0032) [C:\\repos\\nunit\\nunit3-vs-adapter.issues\\Issue1102\\MyApp.Tests.MSTest\\MyApp.Tests.MSTest.csproj]\r\n  MyApp.Tests.MSTest -\u003E C:\\repos\\nunit\\nunit3-vs-adapter.issues\\Issue1102\\MyApp.Tests.MSTest\\bin\\Debug\\net10.0\\MyApp.Tests.MSTest.dll\r\n\r\nBuild succeeded.\r\n\r\nCSC : warning MSTEST0001: Explicitly enable or disable tests parallelization (https://learn.microsoft.com/dotnet/core/testing/mstest-analyzers/mstest0001) [C:\\repos\\nunit\\nunit3-vs-adapter.issues\\Issue1102\\MyApp.Tests.MSTest\\MyApp.Tests.MSTest.csproj]\r\nC:\\repos\\nunit\\nunit3-vs-adapter.issues\\Issue1102\\MyApp.Tests.MSTest\\UnitTest1.cs(10,13): warning MSTEST0032: Review or remove the assertion as its condition is known to be always true (https://learn.microsoft.com/dotnet/core/testing/mstest-analyzers/mstest0032) [C:\\repos\\nunit\\nunit3-vs-adapter.issues\\Issue1102\\MyApp.Tests.MSTest\\MyApp.Tests.MSTest.csproj]\r\n    2 Warning(s)\r\n    0 Error(s)\r\n\r\nTime Elapsed 00:00:02.98\r\n\n=== Test ===\n  Determining projects to restore...\r\n  All projects are up-to-date for restore.\r\n  MyApp -\u003E C:\\repos\\nunit\\nunit3-vs-adapter.issues\\Issue1102\\MyApp\\bin\\Debug\\net10.0\\MyApp.dll\r\n  MyApp.Tests.MSTest -\u003E C:\\repos\\nunit\\nunit3-vs-adapter.issues\\Issue1102\\MyApp.Tests.MSTest\\bin\\Debug\\net10.0\\MyApp.Tests.MSTest.dll\r\nTest run for C:\\repos\\nunit\\nunit3-vs-adapter.issues\\Issue1102\\MyApp.Tests.MSTest\\bin\\Debug\\net10.0\\MyApp.Tests.MSTest.dll (.NETCoreApp,Version=v10.0)\r\nVSTest version 18.0.1 (x64)\r\n\r\nStarting test execution, please wait...\r\nA total of 1 test files matched the specified pattern.\r\n\r\nPassed!  - Failed:     0, Passed:     1, Skipped:     0, Total:     1, Duration: 60 ms - MyApp.Tests.MSTest.dll (net10.0)\r\n\n\n=== Issue1102\\MyApp.Tests.NUnit\\MyApp.Tests.NUnit.csproj ===\n=== Restore ===\n  Determining projects to restore...\r\n  Restored C:\\repos\\nunit\\nunit3-vs-adapter.issues\\Issue1102\\MyApp.Tests.NUnit\\MyApp.Tests.NUnit.csproj (in 480 ms).\r\n  1 of 2 projects are up-to-date for restore.\r\n\n=== Build ===\n  Determining projects to restore...\r\n  All projects are up-to-date for restore.\r\n  MyApp -\u003E C:\\repos\\nunit\\nunit3-vs-adapter.issues\\Issue1102\\MyApp\\bin\\Debug\\net10.0\\MyApp.dll\r\nC:\\repos\\nunit\\nunit3-vs-adapter.issues\\Issue1102\\MyApp.Tests.NUnit\\UnitTest1.cs(15,20): error CS0117: \u0027Assert\u0027 does not contain a definition for \u0027AreEqual\u0027 [C:\\repos\\nunit\\nunit3-vs-adapter.issues\\Issue1102\\MyApp.Tests.NUnit\\MyApp.Tests.NUnit.csproj]\r\n\r\nBuild FAILED.\r\n\r\nC:\\repos\\nunit\\nunit3-vs-adapter.issues\\Issue1102\\MyApp.Tests.NUnit\\UnitTest1.cs(15,20): error CS0117: \u0027Assert\u0027 does not contain a definition for \u0027AreEqual\u0027 [C:\\repos\\nunit\\nunit3-vs-adapter.issues\\Issue1102\\MyApp.Tests.NUnit\\MyApp.Tests.NUnit.csproj]\r\n    0 Warning(s)\r\n    1 Error(s)\r\n\r\nTime Elapsed 00:00:02.55\r\n\n\n=== Issue1102\\MyApp\\MyApp.csproj ===\n=== Restore ===\n  Determining projects to restore...\r\n  All projects are up-to-date for restore.\r\n\n=== Build ===\n  Determining projects to restore...\r\n  All projects are up-to-date for restore.\r\n  MyApp -\u003E C:\\repos\\nunit\\nunit3-vs-adapter.issues\\Issue1102\\MyApp\\bin\\Debug\\net10.0\\MyApp.dll\r\n\r\nBuild succeeded.\r\n    0 Warning(s)\r\n    0 Error(s)\r\n\r\nTime Elapsed 00:00:02.54\r\n\n=== Test ===\n  Determining projects to restore...\r\n  All projects are up-to-date for restore.\r\n",
    "test_error": "",
    "test_conclusion": "Failure: Build failed (1 test(s) passed)",
    "runner_scripts": null,
    "runsettings": "C:/repos/nunit/nunit3-vs-adapter.issues\\Issue1102\\.runsettings",
    "feed": "Stable",
    "runner_expectations": null,
    "last_run": "2026-01-19T21:09:00Z"
  }
]