[
  {
    "number": 1213,
    "project_path": "Issue1213.Tests\\Issue1213.Tests.csproj",
    "project_style": "SDK-style",
    "target_frameworks": [
      "netstandard2.0"
    ],
    "packages": [
      "Microsoft.NET.Test.Sdk=17.11.1",
      "NUnit=4.2.2",
      "NUnit.Analyzers=4.3.0",
      "NUnit3TestAdapter=4.6.0"
    ],
    "update_result": "fail",
    "update_output": "[Issue1213\\Issue1213.Tests\\Issue1213.Tests.csproj]\nDiscovering projects...\r\nAnalyzing project(s)...\r\nAnalyzing dependencies...\r\n\u00C2\u00BB Issue1213.Tests\r\n  [.NETStandard,Version=v2.0]\r\n  NUnit.Analyzers  4.3.0 -\u003E 4.11.2\r\n\r\nVersion color legend:\r\n\u003Cred\u003E   : Major version update or pre-release version. Possible breaking changes.\r\n\u003Cyellow\u003E: Minor version update. Backwards-compatible features added.\r\n\u003Cgreen\u003E : Patch version update. Backwards-compatible bug fixes.\r\n\r\nUpgrading package NUnit.Analyzers...\r\nAn error occurred while upgrading Issue1213.Tests\r\nUnable to create dependency graph file for project \u0027Issue1213.Tests.csproj\u0027. Cannot add package reference.\r\n\r\n\r\n\n\n[Issue1213\\Issue1213\\Issue1213.csproj]\nDiscovering projects...\r\nAnalyzing project(s)...\r\nAnalyzing dependencies...\r\nNo outdated dependencies were detected\r\nElapsed: 00:00:02.4163655\r\n",
    "update_error": "",
    "restore_result": "success",
    "restore_output": "  Determining projects to restore...\r\n  All projects are up-to-date for restore.\r\n",
    "restore_error": "",
    "build_result": "success",
    "build_output": "  Determining projects to restore...\r\n  All projects are up-to-date for restore.\r\n  Issue1213 -\u003E C:\\repos\\nunit\\nunit3-vs-adapter.issues\\Issue1213\\Issue1213\\bin\\Debug\\netstandard2.0\\Issue1213.dll\r\n\r\nBuild succeeded.\r\n    0 Warning(s)\r\n    0 Error(s)\r\n\r\nTime Elapsed 00:00:02.51\r\n",
    "build_error": "",
    "test_result": "success",
    "test_output": "=== Issue1213\\Issue1213.Tests\\Issue1213.Tests.csproj ===\n=== Restore ===\n  Determining projects to restore...\r\nC:\\repos\\nunit\\nunit3-vs-adapter.issues\\Issue1213\\Issue1213.Tests\\Issue1213.Tests.csproj : warning NU1701: Package \u0027NUnit3TestAdapter 6.1.0\u0027 was restored using \u0027.NETFramework,Version=v4.6.1, .NETFramework,Version=v4.6.2, .NETFramework,Version=v4.7, .NETFramework,Version=v4.7.1, .NETFramework,Version=v4.7.2, .NETFramework,Version=v4.8, .NETFramework,Version=v4.8.1\u0027 instead of the project target framework \u0027.NETStandard,Version=v2.0\u0027. This package may not be fully compatible with your project.\r\n  Restored C:\\repos\\nunit\\nunit3-vs-adapter.issues\\Issue1213\\Issue1213\\Issue1213.csproj (in 519 ms).\r\n  Restored C:\\repos\\nunit\\nunit3-vs-adapter.issues\\Issue1213\\Issue1213.Tests\\Issue1213.Tests.csproj (in 555 ms).\r\n\n=== Build ===\n  Determining projects to restore...\r\nC:\\repos\\nunit\\nunit3-vs-adapter.issues\\Issue1213\\Issue1213.Tests\\Issue1213.Tests.csproj : warning NU1701: Package \u0027NUnit3TestAdapter 6.1.0\u0027 was restored using \u0027.NETFramework,Version=v4.6.1, .NETFramework,Version=v4.6.2, .NETFramework,Version=v4.7, .NETFramework,Version=v4.7.1, .NETFramework,Version=v4.7.2, .NETFramework,Version=v4.8, .NETFramework,Version=v4.8.1\u0027 instead of the project target framework \u0027.NETStandard,Version=v2.0\u0027. This package may not be fully compatible with your project.\r\n  All projects are up-to-date for restore.\r\nC:\\Users\\TerjeSandstrom\\.nuget\\packages\\microsoft.net.test.sdk\\18.0.1\\build\\netstandard2.0\\Microsoft.NET.Test.Sdk.targets(4,5): error : Microsoft.NET.Test.Sdk doesn\u0027t support netstandard2.0 and has not been tested with it. Consider upgrading your TargetFramework to net8.0 or later. You may also set \u003CSuppressTfmSupportBuildErrors\u003Etrue\u003C/SuppressTfmSupportBuildErrors\u003E in the project file to ignore this warning and attempt to run in this unsupported configuration at your own risk. [C:\\repos\\nunit\\nunit3-vs-adapter.issues\\Issue1213\\Issue1213.Tests\\Issue1213.Tests.csproj]\r\n\r\nBuild FAILED.\r\n\r\nC:\\repos\\nunit\\nunit3-vs-adapter.issues\\Issue1213\\Issue1213.Tests\\Issue1213.Tests.csproj : warning NU1701: Package \u0027NUnit3TestAdapter 6.1.0\u0027 was restored using \u0027.NETFramework,Version=v4.6.1, .NETFramework,Version=v4.6.2, .NETFramework,Version=v4.7, .NETFramework,Version=v4.7.1, .NETFramework,Version=v4.7.2, .NETFramework,Version=v4.8, .NETFramework,Version=v4.8.1\u0027 instead of the project target framework \u0027.NETStandard,Version=v2.0\u0027. This package may not be fully compatible with your project.\r\nC:\\Users\\TerjeSandstrom\\.nuget\\packages\\microsoft.net.test.sdk\\18.0.1\\build\\netstandard2.0\\Microsoft.NET.Test.Sdk.targets(4,5): error : Microsoft.NET.Test.Sdk doesn\u0027t support netstandard2.0 and has not been tested with it. Consider upgrading your TargetFramework to net8.0 or later. You may also set \u003CSuppressTfmSupportBuildErrors\u003Etrue\u003C/SuppressTfmSupportBuildErrors\u003E in the project file to ignore this warning and attempt to run in this unsupported configuration at your own risk. [C:\\repos\\nunit\\nunit3-vs-adapter.issues\\Issue1213\\Issue1213.Tests\\Issue1213.Tests.csproj]\r\n    1 Warning(s)\r\n    1 Error(s)\r\n\r\nTime Elapsed 00:00:02.09\r\n\n\n=== Issue1213\\Issue1213\\Issue1213.csproj ===\n=== Restore ===\n  Determining projects to restore...\r\n  All projects are up-to-date for restore.\r\n\n=== Build ===\n  Determining projects to restore...\r\n  All projects are up-to-date for restore.\r\n  Issue1213 -\u003E C:\\repos\\nunit\\nunit3-vs-adapter.issues\\Issue1213\\Issue1213\\bin\\Debug\\netstandard2.0\\Issue1213.dll\r\n\r\nBuild succeeded.\r\n    0 Warning(s)\r\n    0 Error(s)\r\n\r\nTime Elapsed 00:00:02.51\r\n\n=== Test ===\n  Determining projects to restore...\r\n  All projects are up-to-date for restore.\r\n",
    "test_error": "",
    "test_conclusion": "Failure: Build failed",
    "runner_scripts": null,
    "runsettings": null,
    "feed": "Stable",
    "runner_expectations": null,
    "last_run": "2026-01-19T21:15:16Z"
  }
]